{"/Users/gyutae/Desktop/dev-me/forest-kit/dist/_internal/counter.js": {"path":"/Users/gyutae/Desktop/dev-me/forest-kit/dist/_internal/counter.js","statementMap":{"0":{"start":{"line":3,"column":22},"end":{"line":14,"column":1}},"1":{"start":{"line":4,"column":16},"end":{"line":4,"column":28}},"2":{"start":{"line":5,"column":4},"end":{"line":13,"column":6}},"3":{"start":{"line":7,"column":12},"end":{"line":7,"column":27}},"4":{"start":{"line":9,"column":24},"end":{"line":9,"column":29}},"5":{"start":{"line":11,"column":12},"end":{"line":11,"column":33}},"6":{"start":{"line":16,"column":0},"end":{"line":16,"column":38}}},"fnMap":{"0":{"name":"(anonymous_0)","decl":{"start":{"line":3,"column":22},"end":{"line":3,"column":23}},"loc":{"start":{"line":3,"column":44},"end":{"line":14,"column":1}},"line":3},"1":{"name":"(anonymous_1)","decl":{"start":{"line":6,"column":12},"end":{"line":6,"column":13}},"loc":{"start":{"line":6,"column":18},"end":{"line":8,"column":9}},"line":6},"2":{"name":"(anonymous_2)","decl":{"start":{"line":9,"column":18},"end":{"line":9,"column":19}},"loc":{"start":{"line":9,"column":24},"end":{"line":9,"column":29}},"line":9},"3":{"name":"(anonymous_3)","decl":{"start":{"line":10,"column":15},"end":{"line":10,"column":16}},"loc":{"start":{"line":10,"column":21},"end":{"line":12,"column":9}},"line":10}},"branchMap":{"0":{"loc":{"start":{"line":3,"column":23},"end":{"line":3,"column":39}},"type":"default-arg","locations":[{"start":{"line":3,"column":38},"end":{"line":3,"column":39}}],"line":3}},"s":{"0":15,"1":56,"2":56,"3":79,"4":172,"5":0,"6":15},"f":{"0":56,"1":79,"2":172,"3":0},"b":{"0":[56]},"_coverageSchema":"1a1c01bbd47fc00a2c39e90264f33305004495a9","hash":"734017625f2d59a1edf1f3041e829a0d45ca2a33"}
,"/Users/gyutae/Desktop/dev-me/forest-kit/dist/_internal/createNumberIncrementer.js": {"path":"/Users/gyutae/Desktop/dev-me/forest-kit/dist/_internal/createNumberIncrementer.js","statementMap":{"0":{"start":{"line":3,"column":32},"end":{"line":5,"column":2}},"1":{"start":{"line":3,"column":52},"end":{"line":5,"column":1}},"2":{"start":{"line":4,"column":16},"end":{"line":4,"column":31}},"3":{"start":{"line":7,"column":0},"end":{"line":7,"column":58}}},"fnMap":{"0":{"name":"(anonymous_0)","decl":{"start":{"line":3,"column":32},"end":{"line":3,"column":33}},"loc":{"start":{"line":3,"column":52},"end":{"line":5,"column":1}},"line":3},"1":{"name":"(anonymous_1)","decl":{"start":{"line":4,"column":10},"end":{"line":4,"column":11}},"loc":{"start":{"line":4,"column":16},"end":{"line":4,"column":31}},"line":4}},"branchMap":{},"s":{"0":1,"1":1,"2":12,"3":1},"f":{"0":1,"1":12},"b":{},"_coverageSchema":"1a1c01bbd47fc00a2c39e90264f33305004495a9","hash":"21b15edb5154745c85c80b4e1cadf257e85884f3"}
,"/Users/gyutae/Desktop/dev-me/forest-kit/dist/_internal/satisfiesAllPropTypes.js": {"path":"/Users/gyutae/Desktop/dev-me/forest-kit/dist/_internal/satisfiesAllPropTypes.js","statementMap":{"0":{"start":{"line":3,"column":10},"end":{"line":3,"column":26}},"1":{"start":{"line":5,"column":30},"end":{"line":5,"column":170}},"2":{"start":{"line":5,"column":63},"end":{"line":5,"column":169}},"3":{"start":{"line":5,"column":141},"end":{"line":5,"column":161}},"4":{"start":{"line":7,"column":0},"end":{"line":7,"column":54}}},"fnMap":{"0":{"name":"(anonymous_0)","decl":{"start":{"line":5,"column":38},"end":{"line":5,"column":39}},"loc":{"start":{"line":5,"column":63},"end":{"line":5,"column":169}},"line":5},"1":{"name":"(anonymous_1)","decl":{"start":{"line":5,"column":123},"end":{"line":5,"column":124}},"loc":{"start":{"line":5,"column":141},"end":{"line":5,"column":161}},"line":5}},"branchMap":{},"s":{"0":2,"1":2,"2":6,"3":12,"4":2},"f":{"0":6,"1":12},"b":{},"_coverageSchema":"1a1c01bbd47fc00a2c39e90264f33305004495a9","hash":"3e13550801bb1e51fa45371ef68ed1689c36f132"}
,"/Users/gyutae/Desktop/dev-me/forest-kit/dist/_internal/store.js": {"path":"/Users/gyutae/Desktop/dev-me/forest-kit/dist/_internal/store.js","statementMap":{"0":{"start":{"line":3,"column":10},"end":{"line":3,"column":26}},"1":{"start":{"line":7,"column":14},"end":{"line":15,"column":1}},"2":{"start":{"line":8,"column":16},"end":{"line":8,"column":28}},"3":{"start":{"line":9,"column":4},"end":{"line":14,"column":6}},"4":{"start":{"line":11,"column":12},"end":{"line":11,"column":39}},"5":{"start":{"line":13,"column":19},"end":{"line":13,"column":33}},"6":{"start":{"line":17,"column":0},"end":{"line":17,"column":22}}},"fnMap":{"0":{"name":"(anonymous_0)","decl":{"start":{"line":7,"column":14},"end":{"line":7,"column":15}},"loc":{"start":{"line":7,"column":32},"end":{"line":15,"column":1}},"line":7},"1":{"name":"(anonymous_1)","decl":{"start":{"line":10,"column":16},"end":{"line":10,"column":17}},"loc":{"start":{"line":10,"column":31},"end":{"line":12,"column":9}},"line":10},"2":{"name":"(anonymous_2)","decl":{"start":{"line":13,"column":13},"end":{"line":13,"column":14}},"loc":{"start":{"line":13,"column":19},"end":{"line":13,"column":33}},"line":13}},"branchMap":{},"s":{"0":6,"1":6,"2":44,"3":44,"4":376,"5":596,"6":6},"f":{"0":44,"1":376,"2":596},"b":{},"_coverageSchema":"1a1c01bbd47fc00a2c39e90264f33305004495a9","hash":"6b7535fe34f4d81ae9b25cf0668a9ca8028fe1d1"}
,"/Users/gyutae/Desktop/dev-me/forest-kit/dist/_internal/typeCheck.js": {"path":"/Users/gyutae/Desktop/dev-me/forest-kit/dist/_internal/typeCheck.js","statementMap":{"0":{"start":{"line":3,"column":10},"end":{"line":3,"column":26}},"1":{"start":{"line":4,"column":29},"end":{"line":4,"column":76}},"2":{"start":{"line":6,"column":0},"end":{"line":6,"column":52}}},"fnMap":{},"branchMap":{},"s":{"0":3,"1":3,"2":3},"f":{},"b":{},"_coverageSchema":"1a1c01bbd47fc00a2c39e90264f33305004495a9","hash":"37df6c6bd97c31756795636638b9c22e33cd519e"}
,"/Users/gyutae/Desktop/dev-me/forest-kit/dist/operators/addIncrementalNumberToEachNode.js": {"path":"/Users/gyutae/Desktop/dev-me/forest-kit/dist/operators/addIncrementalNumberToEachNode.js","statementMap":{"0":{"start":{"line":3,"column":20},"end":{"line":3,"column":39}},"1":{"start":{"line":4,"column":40},"end":{"line":4,"column":90}},"2":{"start":{"line":6,"column":10},"end":{"line":6,"column":26}},"3":{"start":{"line":7,"column":39},"end":{"line":10,"column":2}},"4":{"start":{"line":8,"column":30},"end":{"line":8,"column":94}},"5":{"start":{"line":9,"column":4},"end":{"line":9,"column":101}},"6":{"start":{"line":9,"column":42},"end":{"line":9,"column":92}},"7":{"start":{"line":12,"column":0},"end":{"line":12,"column":72}}},"fnMap":{"0":{"name":"(anonymous_0)","decl":{"start":{"line":7,"column":47},"end":{"line":7,"column":48}},"loc":{"start":{"line":7,"column":83},"end":{"line":10,"column":1}},"line":7},"1":{"name":"(anonymous_1)","decl":{"start":{"line":9,"column":34},"end":{"line":9,"column":35}},"loc":{"start":{"line":9,"column":42},"end":{"line":9,"column":92}},"line":9}},"branchMap":{},"s":{"0":1,"1":1,"2":1,"3":1,"4":1,"5":1,"6":12,"7":1},"f":{"0":1,"1":12},"b":{},"_coverageSchema":"1a1c01bbd47fc00a2c39e90264f33305004495a9","hash":"cf4b6a50bada503012d9e30cd0d942eccd017f1b"}
,"/Users/gyutae/Desktop/dev-me/forest-kit/dist/operators/addPositionPropToEachNode.js": {"path":"/Users/gyutae/Desktop/dev-me/forest-kit/dist/operators/addPositionPropToEachNode.js","statementMap":{"0":{"start":{"line":3,"column":20},"end":{"line":3,"column":39}},"1":{"start":{"line":4,"column":22},"end":{"line":4,"column":54}},"2":{"start":{"line":7,"column":10},"end":{"line":7,"column":26}},"3":{"start":{"line":9,"column":34},"end":{"line":39,"column":2}},"4":{"start":{"line":10,"column":18},"end":{"line":12,"column":6}},"5":{"start":{"line":14,"column":25},"end":{"line":33,"column":5}},"6":{"start":{"line":15,"column":29},"end":{"line":15,"column":40}},"7":{"start":{"line":16,"column":8},"end":{"line":32,"column":9}},"8":{"start":{"line":19,"column":33},"end":{"line":19,"column":47}},"9":{"start":{"line":20,"column":20},"end":{"line":20,"column":72}},"10":{"start":{"line":22,"column":16},"end":{"line":22,"column":22}},"11":{"start":{"line":24,"column":16},"end":{"line":24,"column":61}},"12":{"start":{"line":25,"column":16},"end":{"line":25,"column":22}},"13":{"start":{"line":27,"column":16},"end":{"line":27,"column":31}},"14":{"start":{"line":28,"column":16},"end":{"line":30,"column":19}},"15":{"start":{"line":31,"column":16},"end":{"line":31,"column":22}},"16":{"start":{"line":34,"column":23},"end":{"line":37,"column":5}},"17":{"start":{"line":38,"column":4},"end":{"line":38,"column":114}},"18":{"start":{"line":38,"column":49},"end":{"line":38,"column":105}},"19":{"start":{"line":41,"column":0},"end":{"line":41,"column":62}}},"fnMap":{"0":{"name":"(anonymous_0)","decl":{"start":{"line":9,"column":42},"end":{"line":9,"column":43}},"loc":{"start":{"line":9,"column":71},"end":{"line":39,"column":1}},"line":9},"1":{"name":"(anonymous_1)","decl":{"start":{"line":14,"column":25},"end":{"line":14,"column":26}},"loc":{"start":{"line":14,"column":40},"end":{"line":33,"column":5}},"line":14},"2":{"name":"(anonymous_2)","decl":{"start":{"line":38,"column":41},"end":{"line":38,"column":42}},"loc":{"start":{"line":38,"column":49},"end":{"line":38,"column":105}},"line":38}},"branchMap":{"0":{"loc":{"start":{"line":16,"column":8},"end":{"line":32,"column":9}},"type":"switch","locations":[{"start":{"line":17,"column":12},"end":{"line":22,"column":22}},{"start":{"line":23,"column":12},"end":{"line":25,"column":22}},{"start":{"line":26,"column":12},"end":{"line":31,"column":22}}],"line":16}},"s":{"0":5,"1":5,"2":5,"3":5,"4":16,"5":16,"6":352,"7":352,"8":192,"9":192,"10":192,"11":80,"12":80,"13":80,"14":80,"15":80,"16":16,"17":16,"18":192,"19":5},"f":{"0":16,"1":352,"2":192},"b":{"0":[192,80,80]},"_coverageSchema":"1a1c01bbd47fc00a2c39e90264f33305004495a9","hash":"ce9ad765f99534dd0eec84f97b1efb7d958cd50f"}
,"/Users/gyutae/Desktop/dev-me/forest-kit/dist/operators/changePropNameToEachNode.js": {"path":"/Users/gyutae/Desktop/dev-me/forest-kit/dist/operators/changePropNameToEachNode.js","statementMap":{"0":{"start":{"line":3,"column":20},"end":{"line":3,"column":39}},"1":{"start":{"line":5,"column":10},"end":{"line":5,"column":26}},"2":{"start":{"line":6,"column":33},"end":{"line":9,"column":11}},"3":{"start":{"line":6,"column":78},"end":{"line":9,"column":10}},"4":{"start":{"line":6,"column":109},"end":{"line":9,"column":2}},"5":{"start":{"line":11,"column":0},"end":{"line":11,"column":60}}},"fnMap":{"0":{"name":"(anonymous_0)","decl":{"start":{"line":6,"column":41},"end":{"line":6,"column":42}},"loc":{"start":{"line":6,"column":78},"end":{"line":9,"column":10}},"line":6},"1":{"name":"(anonymous_1)","decl":{"start":{"line":6,"column":101},"end":{"line":6,"column":102}},"loc":{"start":{"line":6,"column":109},"end":{"line":9,"column":2}},"line":6}},"branchMap":{},"s":{"0":1,"1":1,"2":1,"3":1,"4":12,"5":1},"f":{"0":1,"1":12},"b":{},"_coverageSchema":"1a1c01bbd47fc00a2c39e90264f33305004495a9","hash":"e8e645be9764799b71ca85efc556a76dd8db57a4"}
,"/Users/gyutae/Desktop/dev-me/forest-kit/dist/operators/deepFlatten.js": {"path":"/Users/gyutae/Desktop/dev-me/forest-kit/dist/operators/deepFlatten.js","statementMap":{"0":{"start":{"line":3,"column":28},"end":{"line":3,"column":55}},"1":{"start":{"line":5,"column":10},"end":{"line":5,"column":26}},"2":{"start":{"line":6,"column":20},"end":{"line":6,"column":220}},"3":{"start":{"line":6,"column":44},"end":{"line":6,"column":219}},"4":{"start":{"line":6,"column":69},"end":{"line":6,"column":210}},"5":{"start":{"line":8,"column":0},"end":{"line":8,"column":34}}},"fnMap":{"0":{"name":"(anonymous_0)","decl":{"start":{"line":6,"column":28},"end":{"line":6,"column":29}},"loc":{"start":{"line":6,"column":44},"end":{"line":6,"column":219}},"line":6},"1":{"name":"(anonymous_1)","decl":{"start":{"line":6,"column":59},"end":{"line":6,"column":60}},"loc":{"start":{"line":6,"column":69},"end":{"line":6,"column":210}},"line":6}},"branchMap":{},"s":{"0":13,"1":13,"2":13,"3":161,"4":319,"5":13},"f":{"0":161,"1":319},"b":{},"_coverageSchema":"1a1c01bbd47fc00a2c39e90264f33305004495a9","hash":"5194aade0430e5ade89a4797e5b626b06b2e30ea"}
,"/Users/gyutae/Desktop/dev-me/forest-kit/dist/operators/ensureArray.js": {"path":"/Users/gyutae/Desktop/dev-me/forest-kit/dist/operators/ensureArray.js","statementMap":{"0":{"start":{"line":3,"column":10},"end":{"line":3,"column":26}},"1":{"start":{"line":4,"column":20},"end":{"line":8,"column":9}},"2":{"start":{"line":4,"column":31},"end":{"line":8,"column":9}},"3":{"start":{"line":10,"column":0},"end":{"line":10,"column":34}}},"fnMap":{"0":{"name":"(anonymous_0)","decl":{"start":{"line":4,"column":20},"end":{"line":4,"column":21}},"loc":{"start":{"line":4,"column":31},"end":{"line":8,"column":9}},"line":4}},"branchMap":{},"s":{"0":1,"1":1,"2":3,"3":1},"f":{"0":3},"b":{},"_coverageSchema":"1a1c01bbd47fc00a2c39e90264f33305004495a9","hash":"58188c207cc60cbb36b26448fbc3b22eb7a8f032"}
,"/Users/gyutae/Desktop/dev-me/forest-kit/dist/operators/every.js": {"path":"/Users/gyutae/Desktop/dev-me/forest-kit/dist/operators/every.js","statementMap":{"0":{"start":{"line":3,"column":28},"end":{"line":3,"column":55}},"1":{"start":{"line":5,"column":10},"end":{"line":5,"column":26}},"2":{"start":{"line":6,"column":14},"end":{"line":6,"column":121}},"3":{"start":{"line":6,"column":49},"end":{"line":6,"column":120}},"4":{"start":{"line":8,"column":0},"end":{"line":8,"column":22}}},"fnMap":{"0":{"name":"(anonymous_0)","decl":{"start":{"line":6,"column":22},"end":{"line":6,"column":23}},"loc":{"start":{"line":6,"column":49},"end":{"line":6,"column":120}},"line":6}},"branchMap":{},"s":{"0":1,"1":1,"2":1,"3":2,"4":1},"f":{"0":2},"b":{},"_coverageSchema":"1a1c01bbd47fc00a2c39e90264f33305004495a9","hash":"7f314e6c615f44f7daaf8594d261d91e12299f21"}
,"/Users/gyutae/Desktop/dev-me/forest-kit/dist/operators/everyOnLeafNodes.js": {"path":"/Users/gyutae/Desktop/dev-me/forest-kit/dist/operators/everyOnLeafNodes.js","statementMap":{"0":{"start":{"line":3,"column":33},"end":{"line":3,"column":65}},"1":{"start":{"line":5,"column":10},"end":{"line":5,"column":26}},"2":{"start":{"line":6,"column":25},"end":{"line":6,"column":142}},"3":{"start":{"line":6,"column":60},"end":{"line":6,"column":141}},"4":{"start":{"line":8,"column":0},"end":{"line":8,"column":44}}},"fnMap":{"0":{"name":"(anonymous_0)","decl":{"start":{"line":6,"column":33},"end":{"line":6,"column":34}},"loc":{"start":{"line":6,"column":60},"end":{"line":6,"column":141}},"line":6}},"branchMap":{},"s":{"0":1,"1":1,"2":1,"3":2,"4":1},"f":{"0":2},"b":{},"_coverageSchema":"1a1c01bbd47fc00a2c39e90264f33305004495a9","hash":"c391c914aa950507794913c1cd94ef16ca3cd27f"}
,"/Users/gyutae/Desktop/dev-me/forest-kit/dist/operators/extractLeafNodes.js": {"path":"/Users/gyutae/Desktop/dev-me/forest-kit/dist/operators/extractLeafNodes.js","statementMap":{"0":{"start":{"line":3,"column":27},"end":{"line":3,"column":53}},"1":{"start":{"line":4,"column":28},"end":{"line":4,"column":55}},"2":{"start":{"line":6,"column":10},"end":{"line":6,"column":26}},"3":{"start":{"line":7,"column":25},"end":{"line":7,"column":151}},"4":{"start":{"line":7,"column":49},"end":{"line":7,"column":150}},"5":{"start":{"line":9,"column":0},"end":{"line":9,"column":44}}},"fnMap":{"0":{"name":"(anonymous_0)","decl":{"start":{"line":7,"column":33},"end":{"line":7,"column":34}},"loc":{"start":{"line":7,"column":49},"end":{"line":7,"column":150}},"line":7}},"branchMap":{},"s":{"0":3,"1":3,"2":3,"3":3,"4":7,"5":3},"f":{"0":7},"b":{},"_coverageSchema":"1a1c01bbd47fc00a2c39e90264f33305004495a9","hash":"7c0f5623568a43da0888916a535c04c3beb963fd"}
,"/Users/gyutae/Desktop/dev-me/forest-kit/dist/operators/extractNDepthNodes.js": {"path":"/Users/gyutae/Desktop/dev-me/forest-kit/dist/operators/extractNDepthNodes.js","statementMap":{"0":{"start":{"line":3,"column":28},"end":{"line":3,"column":55}},"1":{"start":{"line":4,"column":42},"end":{"line":4,"column":83}},"2":{"start":{"line":5,"column":37},"end":{"line":5,"column":73}},"3":{"start":{"line":7,"column":10},"end":{"line":7,"column":26}},"4":{"start":{"line":8,"column":27},"end":{"line":8,"column":325}},"5":{"start":{"line":8,"column":54},"end":{"line":8,"column":324}},"6":{"start":{"line":10,"column":18},"end":{"line":10,"column":102}},"7":{"start":{"line":10,"column":41},"end":{"line":10,"column":101}},"8":{"start":{"line":12,"column":0},"end":{"line":12,"column":48}}},"fnMap":{"0":{"name":"(anonymous_0)","decl":{"start":{"line":8,"column":35},"end":{"line":8,"column":36}},"loc":{"start":{"line":8,"column":54},"end":{"line":8,"column":324}},"line":8},"1":{"name":"(anonymous_1)","decl":{"start":{"line":10,"column":26},"end":{"line":10,"column":27}},"loc":{"start":{"line":10,"column":41},"end":{"line":10,"column":101}},"line":10}},"branchMap":{},"s":{"0":1,"1":1,"2":1,"3":1,"4":1,"5":1,"6":1,"7":12,"8":1},"f":{"0":1,"1":12},"b":{},"_coverageSchema":"1a1c01bbd47fc00a2c39e90264f33305004495a9","hash":"986bcec189183b2e76faf8d5b6b7e294ed3c0f72"}
,"/Users/gyutae/Desktop/dev-me/forest-kit/dist/operators/filter.js": {"path":"/Users/gyutae/Desktop/dev-me/forest-kit/dist/operators/filter.js","statementMap":{"0":{"start":{"line":3,"column":28},"end":{"line":3,"column":55}},"1":{"start":{"line":5,"column":10},"end":{"line":5,"column":26}},"2":{"start":{"line":6,"column":15},"end":{"line":6,"column":215}},"3":{"start":{"line":6,"column":50},"end":{"line":6,"column":214}},"4":{"start":{"line":8,"column":0},"end":{"line":8,"column":24}}},"fnMap":{"0":{"name":"(anonymous_0)","decl":{"start":{"line":6,"column":23},"end":{"line":6,"column":24}},"loc":{"start":{"line":6,"column":50},"end":{"line":6,"column":214}},"line":6}},"branchMap":{},"s":{"0":4,"1":4,"2":4,"3":34,"4":4},"f":{"0":34},"b":{},"_coverageSchema":"1a1c01bbd47fc00a2c39e90264f33305004495a9","hash":"8438f7c69cef1ae6cbd0b78edf05e9947df800bd"}
,"/Users/gyutae/Desktop/dev-me/forest-kit/dist/operators/filterBy.js": {"path":"/Users/gyutae/Desktop/dev-me/forest-kit/dist/operators/filterBy.js","statementMap":{"0":{"start":{"line":3,"column":23},"end":{"line":3,"column":45}},"1":{"start":{"line":4,"column":24},"end":{"line":4,"column":58}},"2":{"start":{"line":9,"column":10},"end":{"line":9,"column":26}},"3":{"start":{"line":10,"column":19},"end":{"line":13,"column":1}},"4":{"start":{"line":16,"column":17},"end":{"line":29,"column":2}},"5":{"start":{"line":17,"column":4},"end":{"line":17,"column":36}},"6":{"start":{"line":18,"column":43},"end":{"line":18,"column":65}},"7":{"start":{"line":19,"column":4},"end":{"line":21,"column":5}},"8":{"start":{"line":20,"column":8},"end":{"line":20,"column":133}},"9":{"start":{"line":22,"column":20},"end":{"line":22,"column":53}},"10":{"start":{"line":23,"column":19},"end":{"line":23,"column":135}},"11":{"start":{"line":24,"column":28},"end":{"line":24,"column":46}},"12":{"start":{"line":25,"column":4},"end":{"line":27,"column":5}},"13":{"start":{"line":26,"column":8},"end":{"line":26,"column":173}},"14":{"start":{"line":28,"column":4},"end":{"line":28,"column":18}},"15":{"start":{"line":30,"column":32},"end":{"line":30,"column":200}},"16":{"start":{"line":30,"column":84},"end":{"line":30,"column":199}},"17":{"start":{"line":30,"column":115},"end":{"line":30,"column":141}},"18":{"start":{"line":30,"column":180},"end":{"line":30,"column":189}},"19":{"start":{"line":32,"column":0},"end":{"line":32,"column":28}}},"fnMap":{"0":{"name":"(anonymous_0)","decl":{"start":{"line":16,"column":25},"end":{"line":16,"column":26}},"loc":{"start":{"line":16,"column":52},"end":{"line":29,"column":1}},"line":16},"1":{"name":"(anonymous_1)","decl":{"start":{"line":30,"column":40},"end":{"line":30,"column":41}},"loc":{"start":{"line":30,"column":84},"end":{"line":30,"column":199}},"line":30},"2":{"name":"(anonymous_2)","decl":{"start":{"line":30,"column":109},"end":{"line":30,"column":110}},"loc":{"start":{"line":30,"column":115},"end":{"line":30,"column":141}},"line":30},"3":{"name":"(anonymous_3)","decl":{"start":{"line":30,"column":174},"end":{"line":30,"column":175}},"loc":{"start":{"line":30,"column":180},"end":{"line":30,"column":189}},"line":30}},"branchMap":{"0":{"loc":{"start":{"line":19,"column":4},"end":{"line":21,"column":5}},"type":"if","locations":[{"start":{"line":19,"column":4},"end":{"line":21,"column":5}},{"start":{},"end":{}}],"line":19},"1":{"loc":{"start":{"line":25,"column":4},"end":{"line":27,"column":5}},"type":"if","locations":[{"start":{"line":25,"column":4},"end":{"line":27,"column":5}},{"start":{},"end":{}}],"line":25}},"s":{"0":3,"1":3,"2":3,"3":3,"4":3,"5":5,"6":5,"7":5,"8":1,"9":4,"10":4,"11":4,"12":4,"13":1,"14":3,"15":3,"16":4,"17":11,"18":8,"19":3},"f":{"0":5,"1":4,"2":11,"3":8},"b":{"0":[1,4],"1":[1,3]},"_coverageSchema":"1a1c01bbd47fc00a2c39e90264f33305004495a9","hash":"1d4c55500b489002fd7c35e4d444643633764e73"}
,"/Users/gyutae/Desktop/dev-me/forest-kit/dist/operators/filterManyBy.js": {"path":"/Users/gyutae/Desktop/dev-me/forest-kit/dist/operators/filterManyBy.js","statementMap":{"0":{"start":{"line":3,"column":25},"end":{"line":3,"column":49}},"1":{"start":{"line":5,"column":10},"end":{"line":5,"column":26}},"2":{"start":{"line":6,"column":19},"end":{"line":9,"column":1}},"3":{"start":{"line":10,"column":21},"end":{"line":10,"column":129}},"4":{"start":{"line":10,"column":56},"end":{"line":10,"column":128}},"5":{"start":{"line":12,"column":0},"end":{"line":12,"column":36}}},"fnMap":{"0":{"name":"(anonymous_0)","decl":{"start":{"line":10,"column":29},"end":{"line":10,"column":30}},"loc":{"start":{"line":10,"column":56},"end":{"line":10,"column":128}},"line":10}},"branchMap":{},"s":{"0":1,"1":1,"2":1,"3":1,"4":1,"5":1},"f":{"0":1},"b":{},"_coverageSchema":"1a1c01bbd47fc00a2c39e90264f33305004495a9","hash":"2e045c2d88d513de6d7bb2212bd8c2561364b667"}
,"/Users/gyutae/Desktop/dev-me/forest-kit/dist/operators/filterOneBy.js": {"path":"/Users/gyutae/Desktop/dev-me/forest-kit/dist/operators/filterOneBy.js","statementMap":{"0":{"start":{"line":3,"column":25},"end":{"line":3,"column":49}},"1":{"start":{"line":5,"column":10},"end":{"line":5,"column":26}},"2":{"start":{"line":6,"column":19},"end":{"line":9,"column":1}},"3":{"start":{"line":10,"column":20},"end":{"line":10,"column":128}},"4":{"start":{"line":10,"column":55},"end":{"line":10,"column":127}},"5":{"start":{"line":12,"column":0},"end":{"line":12,"column":34}}},"fnMap":{"0":{"name":"(anonymous_0)","decl":{"start":{"line":10,"column":28},"end":{"line":10,"column":29}},"loc":{"start":{"line":10,"column":55},"end":{"line":10,"column":127}},"line":10}},"branchMap":{},"s":{"0":1,"1":1,"2":1,"3":1,"4":1,"5":1},"f":{"0":1},"b":{},"_coverageSchema":"1a1c01bbd47fc00a2c39e90264f33305004495a9","hash":"b5c99a342a7688342e1db08a8470d8bdcab85976"}
,"/Users/gyutae/Desktop/dev-me/forest-kit/dist/operators/find.js": {"path":"/Users/gyutae/Desktop/dev-me/forest-kit/dist/operators/find.js","statementMap":{"0":{"start":{"line":3,"column":28},"end":{"line":3,"column":55}},"1":{"start":{"line":5,"column":10},"end":{"line":5,"column":26}},"2":{"start":{"line":6,"column":13},"end":{"line":6,"column":123}},"3":{"start":{"line":6,"column":48},"end":{"line":6,"column":122}},"4":{"start":{"line":8,"column":0},"end":{"line":8,"column":20}}},"fnMap":{"0":{"name":"(anonymous_0)","decl":{"start":{"line":6,"column":21},"end":{"line":6,"column":22}},"loc":{"start":{"line":6,"column":48},"end":{"line":6,"column":122}},"line":6}},"branchMap":{},"s":{"0":5,"1":5,"2":5,"3":15,"4":5},"f":{"0":15},"b":{},"_coverageSchema":"1a1c01bbd47fc00a2c39e90264f33305004495a9","hash":"9107cf9dddc27dfa809fc6339728c89c7fe75488"}
,"/Users/gyutae/Desktop/dev-me/forest-kit/dist/operators/findBy.js": {"path":"/Users/gyutae/Desktop/dev-me/forest-kit/dist/operators/findBy.js","statementMap":{"0":{"start":{"line":3,"column":21},"end":{"line":3,"column":41}},"1":{"start":{"line":4,"column":24},"end":{"line":4,"column":58}},"2":{"start":{"line":8,"column":10},"end":{"line":8,"column":26}},"3":{"start":{"line":9,"column":19},"end":{"line":12,"column":1}},"4":{"start":{"line":15,"column":15},"end":{"line":28,"column":2}},"5":{"start":{"line":16,"column":4},"end":{"line":16,"column":36}},"6":{"start":{"line":17,"column":43},"end":{"line":17,"column":65}},"7":{"start":{"line":18,"column":4},"end":{"line":20,"column":5}},"8":{"start":{"line":19,"column":8},"end":{"line":19,"column":134}},"9":{"start":{"line":21,"column":20},"end":{"line":21,"column":53}},"10":{"start":{"line":22,"column":19},"end":{"line":22,"column":177}},"11":{"start":{"line":22,"column":144},"end":{"line":22,"column":156}},"12":{"start":{"line":23,"column":28},"end":{"line":23,"column":46}},"13":{"start":{"line":24,"column":4},"end":{"line":26,"column":5}},"14":{"start":{"line":25,"column":8},"end":{"line":25,"column":165}},"15":{"start":{"line":27,"column":4},"end":{"line":27,"column":18}},"16":{"start":{"line":30,"column":0},"end":{"line":30,"column":24}}},"fnMap":{"0":{"name":"(anonymous_0)","decl":{"start":{"line":15,"column":23},"end":{"line":15,"column":24}},"loc":{"start":{"line":15,"column":50},"end":{"line":28,"column":1}},"line":15},"1":{"name":"(anonymous_1)","decl":{"start":{"line":22,"column":138},"end":{"line":22,"column":139}},"loc":{"start":{"line":22,"column":144},"end":{"line":22,"column":156}},"line":22}},"branchMap":{"0":{"loc":{"start":{"line":18,"column":4},"end":{"line":20,"column":5}},"type":"if","locations":[{"start":{"line":18,"column":4},"end":{"line":20,"column":5}},{"start":{},"end":{}}],"line":18},"1":{"loc":{"start":{"line":24,"column":4},"end":{"line":26,"column":5}},"type":"if","locations":[{"start":{"line":24,"column":4},"end":{"line":26,"column":5}},{"start":{},"end":{}}],"line":24}},"s":{"0":4,"1":4,"2":4,"3":4,"4":4,"5":14,"6":14,"7":14,"8":1,"9":13,"10":13,"11":23,"12":13,"13":13,"14":1,"15":12,"16":4},"f":{"0":14,"1":23},"b":{"0":[1,13],"1":[1,12]},"_coverageSchema":"1a1c01bbd47fc00a2c39e90264f33305004495a9","hash":"b5c0aa4c8ef11419199a46065291bce78d3d60f0"}
,"/Users/gyutae/Desktop/dev-me/forest-kit/dist/operators/findManyBy.js": {"path":"/Users/gyutae/Desktop/dev-me/forest-kit/dist/operators/findManyBy.js","statementMap":{"0":{"start":{"line":3,"column":23},"end":{"line":3,"column":45}},"1":{"start":{"line":5,"column":10},"end":{"line":5,"column":26}},"2":{"start":{"line":7,"column":19},"end":{"line":10,"column":1}},"3":{"start":{"line":11,"column":19},"end":{"line":11,"column":123}},"4":{"start":{"line":11,"column":54},"end":{"line":11,"column":122}},"5":{"start":{"line":13,"column":0},"end":{"line":13,"column":32}}},"fnMap":{"0":{"name":"(anonymous_0)","decl":{"start":{"line":11,"column":27},"end":{"line":11,"column":28}},"loc":{"start":{"line":11,"column":54},"end":{"line":11,"column":122}},"line":11}},"branchMap":{},"s":{"0":1,"1":1,"2":1,"3":1,"4":3,"5":1},"f":{"0":3},"b":{},"_coverageSchema":"1a1c01bbd47fc00a2c39e90264f33305004495a9","hash":"d6e852d45305749354ae392f1e8a2f218b3b8a0b"}
,"/Users/gyutae/Desktop/dev-me/forest-kit/dist/operators/findOneBy.js": {"path":"/Users/gyutae/Desktop/dev-me/forest-kit/dist/operators/findOneBy.js","statementMap":{"0":{"start":{"line":3,"column":23},"end":{"line":3,"column":45}},"1":{"start":{"line":5,"column":10},"end":{"line":5,"column":26}},"2":{"start":{"line":7,"column":19},"end":{"line":10,"column":1}},"3":{"start":{"line":11,"column":18},"end":{"line":11,"column":138}},"4":{"start":{"line":11,"column":53},"end":{"line":11,"column":137}},"5":{"start":{"line":13,"column":0},"end":{"line":13,"column":30}}},"fnMap":{"0":{"name":"(anonymous_0)","decl":{"start":{"line":11,"column":26},"end":{"line":11,"column":27}},"loc":{"start":{"line":11,"column":53},"end":{"line":11,"column":137}},"line":11}},"branchMap":{},"s":{"0":2,"1":2,"2":2,"3":2,"4":7,"5":2},"f":{"0":7},"b":{},"_coverageSchema":"1a1c01bbd47fc00a2c39e90264f33305004495a9","hash":"775b1228428573064f34bbeef18f94b31dd844cf"}
,"/Users/gyutae/Desktop/dev-me/forest-kit/dist/operators/hasChildren.js": {"path":"/Users/gyutae/Desktop/dev-me/forest-kit/dist/operators/hasChildren.js","statementMap":{"0":{"start":{"line":3,"column":10},"end":{"line":3,"column":26}},"1":{"start":{"line":4,"column":20},"end":{"line":8,"column":129}},"2":{"start":{"line":4,"column":43},"end":{"line":8,"column":128}},"3":{"start":{"line":5,"column":4},"end":{"line":5,"column":47}},"4":{"start":{"line":7,"column":4},"end":{"line":7,"column":106}},"5":{"start":{"line":10,"column":0},"end":{"line":10,"column":34}}},"fnMap":{"0":{"name":"(anonymous_0)","decl":{"start":{"line":4,"column":28},"end":{"line":4,"column":29}},"loc":{"start":{"line":4,"column":43},"end":{"line":8,"column":128}},"line":4},"1":{"name":"(anonymous_1)","decl":{"start":{"line":4,"column":85},"end":{"line":4,"column":86}},"loc":{"start":{"line":4,"column":91},"end":{"line":6,"column":1}},"line":4},"2":{"name":"(anonymous_2)","decl":{"start":{"line":6,"column":84},"end":{"line":6,"column":85}},"loc":{"start":{"line":6,"column":94},"end":{"line":8,"column":1}},"line":6}},"branchMap":{},"s":{"0":34,"1":34,"2":1294,"3":3,"4":3,"5":34},"f":{"0":1294,"1":3,"2":3},"b":{},"_coverageSchema":"1a1c01bbd47fc00a2c39e90264f33305004495a9","hash":"e73d3b1caaf52e132fbf4964872f3e6363c31bea"}
,"/Users/gyutae/Desktop/dev-me/forest-kit/dist/operators/insertAtPositionBy.js": {"path":"/Users/gyutae/Desktop/dev-me/forest-kit/dist/operators/insertAtPositionBy.js","statementMap":{"0":{"start":{"line":3,"column":42},"end":{"line":3,"column":83}},"1":{"start":{"line":4,"column":35},"end":{"line":4,"column":69}},"2":{"start":{"line":5,"column":37},"end":{"line":5,"column":73}},"3":{"start":{"line":7,"column":10},"end":{"line":7,"column":26}},"4":{"start":{"line":8,"column":25},"end":{"line":20,"column":2}},"5":{"start":{"line":9,"column":30},"end":{"line":9,"column":115}},"6":{"start":{"line":11,"column":16},"end":{"line":11,"column":36}},"7":{"start":{"line":13,"column":19},"end":{"line":13,"column":46}},"8":{"start":{"line":14,"column":27},"end":{"line":14,"column":40}},"9":{"start":{"line":15,"column":4},"end":{"line":18,"column":6}},"10":{"start":{"line":19,"column":4},"end":{"line":19,"column":215}},"11":{"start":{"line":21,"column":28},"end":{"line":37,"column":1}},"12":{"start":{"line":22,"column":4},"end":{"line":36,"column":5}},"13":{"start":{"line":24,"column":12},"end":{"line":27,"column":13}},"14":{"start":{"line":26,"column":16},"end":{"line":26,"column":25}},"15":{"start":{"line":28,"column":12},"end":{"line":28,"column":30}},"16":{"start":{"line":30,"column":12},"end":{"line":30,"column":26}},"17":{"start":{"line":33,"column":12},"end":{"line":33,"column":30}},"18":{"start":{"line":35,"column":12},"end":{"line":35,"column":49}},"19":{"start":{"line":39,"column":0},"end":{"line":39,"column":44}}},"fnMap":{"0":{"name":"(anonymous_0)","decl":{"start":{"line":8,"column":33},"end":{"line":8,"column":34}},"loc":{"start":{"line":8,"column":75},"end":{"line":20,"column":1}},"line":8},"1":{"name":"(anonymous_1)","decl":{"start":{"line":21,"column":28},"end":{"line":21,"column":29}},"loc":{"start":{"line":21,"column":51},"end":{"line":37,"column":1}},"line":21}},"branchMap":{"0":{"loc":{"start":{"line":13,"column":26},"end":{"line":13,"column":41}},"type":"binary-expr","locations":[{"start":{"line":13,"column":26},"end":{"line":13,"column":36}},{"start":{"line":13,"column":40},"end":{"line":13,"column":41}}],"line":13},"1":{"loc":{"start":{"line":17,"column":39},"end":{"line":17,"column":59}},"type":"binary-expr","locations":[{"start":{"line":17,"column":39},"end":{"line":17,"column":46}},{"start":{"line":17,"column":50},"end":{"line":17,"column":59}}],"line":17},"2":{"loc":{"start":{"line":22,"column":4},"end":{"line":36,"column":5}},"type":"switch","locations":[{"start":{"line":23,"column":8},"end":{"line":28,"column":30}},{"start":{"line":29,"column":8},"end":{"line":30,"column":26}},{"start":{"line":32,"column":8},"end":{"line":33,"column":30}},{"start":{"line":34,"column":8},"end":{"line":35,"column":49}}],"line":22},"3":{"loc":{"start":{"line":24,"column":12},"end":{"line":27,"column":13}},"type":"if","locations":[{"start":{"line":24,"column":12},"end":{"line":27,"column":13}},{"start":{},"end":{}}],"line":24}},"s":{"0":1,"1":1,"2":1,"3":1,"4":1,"5":6,"6":6,"7":6,"8":6,"9":6,"10":6,"11":1,"12":6,"13":2,"14":2,"15":0,"16":2,"17":2,"18":0,"19":1},"f":{"0":6,"1":6},"b":{"0":[6,0],"1":[6,2],"2":[2,2,2,0],"3":[2,0]},"_coverageSchema":"1a1c01bbd47fc00a2c39e90264f33305004495a9","hash":"c6fd74256f0f0c6597829af14d174bc0750154d1"}
,"/Users/gyutae/Desktop/dev-me/forest-kit/dist/operators/insertBesideSiblingBy.js": {"path":"/Users/gyutae/Desktop/dev-me/forest-kit/dist/operators/insertBesideSiblingBy.js","statementMap":{"0":{"start":{"line":3,"column":42},"end":{"line":3,"column":83}},"1":{"start":{"line":4,"column":26},"end":{"line":4,"column":51}},"2":{"start":{"line":5,"column":35},"end":{"line":5,"column":69}},"3":{"start":{"line":6,"column":37},"end":{"line":6,"column":73}},"4":{"start":{"line":8,"column":10},"end":{"line":8,"column":26}},"5":{"start":{"line":9,"column":30},"end":{"line":21,"column":2}},"6":{"start":{"line":10,"column":30},"end":{"line":10,"column":115}},"7":{"start":{"line":12,"column":20},"end":{"line":12,"column":84}},"8":{"start":{"line":13,"column":16},"end":{"line":13,"column":43}},"9":{"start":{"line":14,"column":23},"end":{"line":14,"column":44}},"10":{"start":{"line":15,"column":27},"end":{"line":15,"column":40}},"11":{"start":{"line":16,"column":4},"end":{"line":19,"column":6}},"12":{"start":{"line":20,"column":4},"end":{"line":20,"column":215}},"13":{"start":{"line":22,"column":28},"end":{"line":31,"column":1}},"14":{"start":{"line":23,"column":4},"end":{"line":30,"column":5}},"15":{"start":{"line":25,"column":12},"end":{"line":25,"column":26}},"16":{"start":{"line":27,"column":12},"end":{"line":27,"column":30}},"17":{"start":{"line":29,"column":12},"end":{"line":29,"column":49}},"18":{"start":{"line":33,"column":0},"end":{"line":33,"column":54}}},"fnMap":{"0":{"name":"(anonymous_0)","decl":{"start":{"line":9,"column":38},"end":{"line":9,"column":39}},"loc":{"start":{"line":9,"column":81},"end":{"line":21,"column":1}},"line":9},"1":{"name":"(anonymous_1)","decl":{"start":{"line":22,"column":28},"end":{"line":22,"column":29}},"loc":{"start":{"line":22,"column":51},"end":{"line":31,"column":1}},"line":22}},"branchMap":{"0":{"loc":{"start":{"line":18,"column":39},"end":{"line":18,"column":57}},"type":"binary-expr","locations":[{"start":{"line":18,"column":39},"end":{"line":18,"column":46}},{"start":{"line":18,"column":50},"end":{"line":18,"column":57}}],"line":18},"1":{"loc":{"start":{"line":23,"column":4},"end":{"line":30,"column":5}},"type":"switch","locations":[{"start":{"line":24,"column":8},"end":{"line":25,"column":26}},{"start":{"line":26,"column":8},"end":{"line":27,"column":30}},{"start":{"line":28,"column":8},"end":{"line":29,"column":49}}],"line":23}},"s":{"0":1,"1":1,"2":1,"3":1,"4":1,"5":1,"6":6,"7":6,"8":6,"9":6,"10":6,"11":6,"12":6,"13":1,"14":6,"15":2,"16":4,"17":0,"18":1},"f":{"0":6,"1":6},"b":{"0":[6,2],"1":[2,4,0]},"_coverageSchema":"1a1c01bbd47fc00a2c39e90264f33305004495a9","hash":"344cc212d0250d32370b3ceb943669c1ade94769"}
,"/Users/gyutae/Desktop/dev-me/forest-kit/dist/operators/insertFromParentBy.js": {"path":"/Users/gyutae/Desktop/dev-me/forest-kit/dist/operators/insertFromParentBy.js","statementMap":{"0":{"start":{"line":3,"column":22},"end":{"line":3,"column":43}},"1":{"start":{"line":4,"column":22},"end":{"line":4,"column":54}},"2":{"start":{"line":5,"column":26},"end":{"line":5,"column":62}},"3":{"start":{"line":8,"column":10},"end":{"line":8,"column":26}},"4":{"start":{"line":9,"column":27},"end":{"line":18,"column":2}},"5":{"start":{"line":10,"column":18},"end":{"line":10,"column":62}},"6":{"start":{"line":11,"column":19},"end":{"line":13,"column":110}},"7":{"start":{"line":11,"column":72},"end":{"line":11,"column":111}},"8":{"start":{"line":12,"column":8},"end":{"line":12,"column":43}},"9":{"start":{"line":14,"column":23},"end":{"line":14,"column":45}},"10":{"start":{"line":15,"column":4},"end":{"line":16,"column":48}},"11":{"start":{"line":16,"column":8},"end":{"line":16,"column":48}},"12":{"start":{"line":17,"column":4},"end":{"line":17,"column":18}},"13":{"start":{"line":21,"column":17},"end":{"line":34,"column":1}},"14":{"start":{"line":21,"column":35},"end":{"line":34,"column":1}},"15":{"start":{"line":22,"column":4},"end":{"line":24,"column":5}},"16":{"start":{"line":23,"column":8},"end":{"line":23,"column":30}},"17":{"start":{"line":25,"column":4},"end":{"line":32,"column":48}},"18":{"start":{"line":26,"column":8},"end":{"line":26,"column":41}},"19":{"start":{"line":27,"column":9},"end":{"line":32,"column":48}},"20":{"start":{"line":28,"column":8},"end":{"line":28,"column":41}},"21":{"start":{"line":29,"column":9},"end":{"line":32,"column":48}},"22":{"start":{"line":30,"column":8},"end":{"line":30,"column":103}},"23":{"start":{"line":31,"column":9},"end":{"line":32,"column":48}},"24":{"start":{"line":32,"column":8},"end":{"line":32,"column":48}},"25":{"start":{"line":33,"column":4},"end":{"line":33,"column":38}},"26":{"start":{"line":36,"column":0},"end":{"line":36,"column":48}}},"fnMap":{"0":{"name":"(anonymous_0)","decl":{"start":{"line":9,"column":35},"end":{"line":9,"column":36}},"loc":{"start":{"line":9,"column":78},"end":{"line":18,"column":1}},"line":9},"1":{"name":"(anonymous_1)","decl":{"start":{"line":11,"column":66},"end":{"line":11,"column":67}},"loc":{"start":{"line":11,"column":72},"end":{"line":11,"column":111}},"line":11},"2":{"name":"(anonymous_2)","decl":{"start":{"line":11,"column":126},"end":{"line":11,"column":127}},"loc":{"start":{"line":11,"column":132},"end":{"line":13,"column":5}},"line":11},"3":{"name":"(anonymous_3)","decl":{"start":{"line":21,"column":17},"end":{"line":21,"column":18}},"loc":{"start":{"line":21,"column":35},"end":{"line":34,"column":1}},"line":21},"4":{"name":"(anonymous_4)","decl":{"start":{"line":21,"column":35},"end":{"line":21,"column":36}},"loc":{"start":{"line":21,"column":46},"end":{"line":34,"column":1}},"line":21}},"branchMap":{"0":{"loc":{"start":{"line":13,"column":53},"end":{"line":13,"column":70}},"type":"binary-expr","locations":[{"start":{"line":13,"column":53},"end":{"line":13,"column":60}},{"start":{"line":13,"column":64},"end":{"line":13,"column":70}}],"line":13},"1":{"loc":{"start":{"line":15,"column":4},"end":{"line":16,"column":48}},"type":"if","locations":[{"start":{"line":15,"column":4},"end":{"line":16,"column":48}},{"start":{},"end":{}}],"line":15},"2":{"loc":{"start":{"line":22,"column":4},"end":{"line":24,"column":5}},"type":"if","locations":[{"start":{"line":22,"column":4},"end":{"line":24,"column":5}},{"start":{},"end":{}}],"line":22},"3":{"loc":{"start":{"line":25,"column":4},"end":{"line":32,"column":48}},"type":"if","locations":[{"start":{"line":25,"column":4},"end":{"line":32,"column":48}},{"start":{"line":27,"column":9},"end":{"line":32,"column":48}}],"line":25},"4":{"loc":{"start":{"line":27,"column":9},"end":{"line":32,"column":48}},"type":"if","locations":[{"start":{"line":27,"column":9},"end":{"line":32,"column":48}},{"start":{"line":29,"column":9},"end":{"line":32,"column":48}}],"line":27},"5":{"loc":{"start":{"line":29,"column":9},"end":{"line":32,"column":48}},"type":"if","locations":[{"start":{"line":29,"column":9},"end":{"line":32,"column":48}},{"start":{"line":31,"column":9},"end":{"line":32,"column":48}}],"line":29},"6":{"loc":{"start":{"line":29,"column":13},"end":{"line":29,"column":40}},"type":"binary-expr","locations":[{"start":{"line":29,"column":13},"end":{"line":29,"column":19}},{"start":{"line":29,"column":23},"end":{"line":29,"column":40}}],"line":29},"7":{"loc":{"start":{"line":31,"column":9},"end":{"line":32,"column":48}},"type":"if","locations":[{"start":{"line":31,"column":9},"end":{"line":32,"column":48}},{"start":{},"end":{}}],"line":31}},"s":{"0":3,"1":3,"2":3,"3":3,"4":3,"5":28,"6":28,"7":28,"8":24,"9":24,"10":24,"11":4,"12":20,"13":3,"14":28,"15":24,"16":14,"17":24,"18":2,"19":22,"20":4,"21":18,"22":4,"23":14,"24":14,"25":0,"26":3},"f":{"0":28,"1":28,"2":24,"3":28,"4":24},"b":{"0":[28,8],"1":[4,20],"2":[14,10],"3":[2,22],"4":[4,18],"5":[4,14],"6":[18,16],"7":[14,0]},"_coverageSchema":"1a1c01bbd47fc00a2c39e90264f33305004495a9","hash":"e009b6b4f1eed75219c04730d6f72b132c21353d"}
,"/Users/gyutae/Desktop/dev-me/forest-kit/dist/operators/isLeafNode.js": {"path":"/Users/gyutae/Desktop/dev-me/forest-kit/dist/operators/isLeafNode.js","statementMap":{"0":{"start":{"line":3,"column":28},"end":{"line":3,"column":55}},"1":{"start":{"line":5,"column":10},"end":{"line":5,"column":26}},"2":{"start":{"line":6,"column":19},"end":{"line":6,"column":121}},"3":{"start":{"line":6,"column":42},"end":{"line":6,"column":120}},"4":{"start":{"line":8,"column":0},"end":{"line":8,"column":32}}},"fnMap":{"0":{"name":"(anonymous_0)","decl":{"start":{"line":6,"column":27},"end":{"line":6,"column":28}},"loc":{"start":{"line":6,"column":42},"end":{"line":6,"column":120}},"line":6}},"branchMap":{},"s":{"0":4,"1":4,"2":4,"3":71,"4":4},"f":{"0":71},"b":{},"_coverageSchema":"1a1c01bbd47fc00a2c39e90264f33305004495a9","hash":"092720a8c2f4cdbae056458a001afca195e8bbef"}
,"/Users/gyutae/Desktop/dev-me/forest-kit/dist/operators/map.js": {"path":"/Users/gyutae/Desktop/dev-me/forest-kit/dist/operators/map.js","statementMap":{"0":{"start":{"line":3,"column":34},"end":{"line":3,"column":67}},"1":{"start":{"line":5,"column":10},"end":{"line":5,"column":26}},"2":{"start":{"line":6,"column":12},"end":{"line":6,"column":126}},"3":{"start":{"line":6,"column":52},"end":{"line":6,"column":125}},"4":{"start":{"line":8,"column":0},"end":{"line":8,"column":18}}},"fnMap":{"0":{"name":"(anonymous_0)","decl":{"start":{"line":6,"column":20},"end":{"line":6,"column":21}},"loc":{"start":{"line":6,"column":52},"end":{"line":6,"column":125}},"line":6}},"branchMap":{},"s":{"0":13,"1":13,"2":13,"3":72,"4":13},"f":{"0":72},"b":{},"_coverageSchema":"1a1c01bbd47fc00a2c39e90264f33305004495a9","hash":"6b21d62241d2808c54052760b506ec2f68e9b5cc"}
,"/Users/gyutae/Desktop/dev-me/forest-kit/dist/operators/mapBy.js": {"path":"/Users/gyutae/Desktop/dev-me/forest-kit/dist/operators/mapBy.js","statementMap":{"0":{"start":{"line":3,"column":20},"end":{"line":3,"column":39}},"1":{"start":{"line":4,"column":24},"end":{"line":4,"column":58}},"2":{"start":{"line":8,"column":10},"end":{"line":8,"column":26}},"3":{"start":{"line":9,"column":19},"end":{"line":12,"column":1}},"4":{"start":{"line":15,"column":14},"end":{"line":28,"column":2}},"5":{"start":{"line":16,"column":4},"end":{"line":16,"column":36}},"6":{"start":{"line":17,"column":43},"end":{"line":17,"column":65}},"7":{"start":{"line":18,"column":4},"end":{"line":20,"column":5}},"8":{"start":{"line":19,"column":8},"end":{"line":19,"column":134}},"9":{"start":{"line":21,"column":20},"end":{"line":21,"column":53}},"10":{"start":{"line":22,"column":19},"end":{"line":22,"column":179}},"11":{"start":{"line":22,"column":156},"end":{"line":22,"column":168}},"12":{"start":{"line":23,"column":28},"end":{"line":23,"column":46}},"13":{"start":{"line":24,"column":4},"end":{"line":26,"column":5}},"14":{"start":{"line":25,"column":8},"end":{"line":25,"column":165}},"15":{"start":{"line":27,"column":4},"end":{"line":27,"column":18}},"16":{"start":{"line":30,"column":0},"end":{"line":30,"column":22}}},"fnMap":{"0":{"name":"(anonymous_0)","decl":{"start":{"line":15,"column":22},"end":{"line":15,"column":23}},"loc":{"start":{"line":15,"column":65},"end":{"line":28,"column":1}},"line":15},"1":{"name":"(anonymous_1)","decl":{"start":{"line":22,"column":150},"end":{"line":22,"column":151}},"loc":{"start":{"line":22,"column":156},"end":{"line":22,"column":168}},"line":22}},"branchMap":{"0":{"loc":{"start":{"line":18,"column":4},"end":{"line":20,"column":5}},"type":"if","locations":[{"start":{"line":18,"column":4},"end":{"line":20,"column":5}},{"start":{},"end":{}}],"line":18},"1":{"loc":{"start":{"line":24,"column":4},"end":{"line":26,"column":5}},"type":"if","locations":[{"start":{"line":24,"column":4},"end":{"line":26,"column":5}},{"start":{},"end":{}}],"line":24}},"s":{"0":6,"1":6,"2":6,"3":6,"4":6,"5":35,"6":35,"7":35,"8":1,"9":34,"10":34,"11":34,"12":30,"13":30,"14":1,"15":29,"16":6},"f":{"0":35,"1":34},"b":{"0":[1,34],"1":[1,29]},"_coverageSchema":"1a1c01bbd47fc00a2c39e90264f33305004495a9","hash":"0e5e7237521abfaa1cecda1267f28d76d54ce035"}
,"/Users/gyutae/Desktop/dev-me/forest-kit/dist/operators/mapManyBy.js": {"path":"/Users/gyutae/Desktop/dev-me/forest-kit/dist/operators/mapManyBy.js","statementMap":{"0":{"start":{"line":3,"column":22},"end":{"line":3,"column":43}},"1":{"start":{"line":5,"column":10},"end":{"line":5,"column":26}},"2":{"start":{"line":7,"column":19},"end":{"line":10,"column":1}},"3":{"start":{"line":11,"column":18},"end":{"line":11,"column":152}},"4":{"start":{"line":11,"column":69},"end":{"line":11,"column":151}},"5":{"start":{"line":13,"column":0},"end":{"line":13,"column":30}}},"fnMap":{"0":{"name":"(anonymous_0)","decl":{"start":{"line":11,"column":26},"end":{"line":11,"column":27}},"loc":{"start":{"line":11,"column":69},"end":{"line":11,"column":151}},"line":11}},"branchMap":{},"s":{"0":1,"1":1,"2":1,"3":1,"4":1,"5":1},"f":{"0":1},"b":{},"_coverageSchema":"1a1c01bbd47fc00a2c39e90264f33305004495a9","hash":"ab883186a68b9cc7d86fce90b745f732379f1151"}
,"/Users/gyutae/Desktop/dev-me/forest-kit/dist/operators/mapOneBy.js": {"path":"/Users/gyutae/Desktop/dev-me/forest-kit/dist/operators/mapOneBy.js","statementMap":{"0":{"start":{"line":3,"column":22},"end":{"line":3,"column":43}},"1":{"start":{"line":5,"column":10},"end":{"line":5,"column":26}},"2":{"start":{"line":7,"column":19},"end":{"line":10,"column":1}},"3":{"start":{"line":11,"column":17},"end":{"line":11,"column":151}},"4":{"start":{"line":11,"column":68},"end":{"line":11,"column":150}},"5":{"start":{"line":13,"column":0},"end":{"line":13,"column":28}}},"fnMap":{"0":{"name":"(anonymous_0)","decl":{"start":{"line":11,"column":25},"end":{"line":11,"column":26}},"loc":{"start":{"line":11,"column":68},"end":{"line":11,"column":150}},"line":11}},"branchMap":{},"s":{"0":1,"1":1,"2":1,"3":1,"4":1,"5":1},"f":{"0":1},"b":{},"_coverageSchema":"1a1c01bbd47fc00a2c39e90264f33305004495a9","hash":"699f1b71a0461efbe5419ced2fa112b0239b90e4"}
,"/Users/gyutae/Desktop/dev-me/forest-kit/dist/operators/mergeTwoTrees.js": {"path":"/Users/gyutae/Desktop/dev-me/forest-kit/dist/operators/mergeTwoTrees.js","statementMap":{"0":{"start":{"line":3,"column":42},"end":{"line":3,"column":83}},"1":{"start":{"line":4,"column":28},"end":{"line":4,"column":55}},"2":{"start":{"line":5,"column":20},"end":{"line":5,"column":39}},"3":{"start":{"line":6,"column":37},"end":{"line":6,"column":73}},"4":{"start":{"line":8,"column":10},"end":{"line":8,"column":26}},"5":{"start":{"line":10,"column":22},"end":{"line":16,"column":2}},"6":{"start":{"line":11,"column":34},"end":{"line":11,"column":171}},"7":{"start":{"line":12,"column":4},"end":{"line":15,"column":91}},"8":{"start":{"line":12,"column":136},"end":{"line":15,"column":6}},"9":{"start":{"line":13,"column":29},"end":{"line":13,"column":69}},"10":{"start":{"line":18,"column":0},"end":{"line":18,"column":38}}},"fnMap":{"0":{"name":"(anonymous_0)","decl":{"start":{"line":10,"column":30},"end":{"line":10,"column":31}},"loc":{"start":{"line":10,"column":62},"end":{"line":16,"column":1}},"line":10},"1":{"name":"(anonymous_1)","decl":{"start":{"line":12,"column":121},"end":{"line":12,"column":122}},"loc":{"start":{"line":12,"column":136},"end":{"line":15,"column":6}},"line":12},"2":{"name":"(anonymous_2)","decl":{"start":{"line":13,"column":15},"end":{"line":13,"column":16}},"loc":{"start":{"line":13,"column":29},"end":{"line":13,"column":69}},"line":13}},"branchMap":{},"s":{"0":1,"1":1,"2":1,"3":1,"4":1,"5":1,"6":1,"7":1,"8":12,"9":78,"10":1},"f":{"0":1,"1":12,"2":78},"b":{},"_coverageSchema":"1a1c01bbd47fc00a2c39e90264f33305004495a9","hash":"afccd098a587c02ff150a1d7cb9906745023db19"}
,"/Users/gyutae/Desktop/dev-me/forest-kit/dist/operators/removePropToEachNode.js": {"path":"/Users/gyutae/Desktop/dev-me/forest-kit/dist/operators/removePropToEachNode.js","statementMap":{"0":{"start":{"line":3,"column":20},"end":{"line":3,"column":39}},"1":{"start":{"line":5,"column":10},"end":{"line":5,"column":26}},"2":{"start":{"line":6,"column":29},"end":{"line":6,"column":111}},"3":{"start":{"line":6,"column":62},"end":{"line":6,"column":110}},"4":{"start":{"line":8,"column":0},"end":{"line":8,"column":52}}},"fnMap":{"0":{"name":"(anonymous_0)","decl":{"start":{"line":6,"column":37},"end":{"line":6,"column":38}},"loc":{"start":{"line":6,"column":62},"end":{"line":6,"column":110}},"line":6}},"branchMap":{},"s":{"0":5,"1":5,"2":5,"3":16,"4":5},"f":{"0":16},"b":{},"_coverageSchema":"1a1c01bbd47fc00a2c39e90264f33305004495a9","hash":"5cfef430615dd762180c845fdfd1618945ca5d47"}
,"/Users/gyutae/Desktop/dev-me/forest-kit/dist/operators/some.js": {"path":"/Users/gyutae/Desktop/dev-me/forest-kit/dist/operators/some.js","statementMap":{"0":{"start":{"line":3,"column":28},"end":{"line":3,"column":55}},"1":{"start":{"line":5,"column":10},"end":{"line":5,"column":26}},"2":{"start":{"line":6,"column":13},"end":{"line":6,"column":120}},"3":{"start":{"line":6,"column":48},"end":{"line":6,"column":119}},"4":{"start":{"line":8,"column":0},"end":{"line":8,"column":20}}},"fnMap":{"0":{"name":"(anonymous_0)","decl":{"start":{"line":6,"column":21},"end":{"line":6,"column":22}},"loc":{"start":{"line":6,"column":48},"end":{"line":6,"column":119}},"line":6}},"branchMap":{},"s":{"0":1,"1":1,"2":1,"3":2,"4":1},"f":{"0":2},"b":{},"_coverageSchema":"1a1c01bbd47fc00a2c39e90264f33305004495a9","hash":"a31f8acb027830dbe72f007b8cc70bd869db07c4"}
,"/Users/gyutae/Desktop/dev-me/forest-kit/dist/operators/someOnLeafNodes.js": {"path":"/Users/gyutae/Desktop/dev-me/forest-kit/dist/operators/someOnLeafNodes.js","statementMap":{"0":{"start":{"line":3,"column":33},"end":{"line":3,"column":65}},"1":{"start":{"line":5,"column":10},"end":{"line":5,"column":26}},"2":{"start":{"line":6,"column":24},"end":{"line":6,"column":141}},"3":{"start":{"line":6,"column":59},"end":{"line":6,"column":140}},"4":{"start":{"line":8,"column":0},"end":{"line":8,"column":42}}},"fnMap":{"0":{"name":"(anonymous_0)","decl":{"start":{"line":6,"column":32},"end":{"line":6,"column":33}},"loc":{"start":{"line":6,"column":59},"end":{"line":6,"column":140}},"line":6}},"branchMap":{},"s":{"0":1,"1":1,"2":1,"3":3,"4":1},"f":{"0":3},"b":{},"_coverageSchema":"1a1c01bbd47fc00a2c39e90264f33305004495a9","hash":"48016bde5cdd90f18c0c71bece1dd9139ab633d7"}
,"/Users/gyutae/Desktop/dev-me/forest-kit/dist/operators/tap.js": {"path":"/Users/gyutae/Desktop/dev-me/forest-kit/dist/operators/tap.js","statementMap":{"0":{"start":{"line":3,"column":34},"end":{"line":3,"column":67}},"1":{"start":{"line":5,"column":10},"end":{"line":5,"column":26}},"2":{"start":{"line":6,"column":12},"end":{"line":6,"column":115}},"3":{"start":{"line":6,"column":43},"end":{"line":6,"column":114}},"4":{"start":{"line":8,"column":0},"end":{"line":8,"column":18}}},"fnMap":{"0":{"name":"(anonymous_0)","decl":{"start":{"line":6,"column":20},"end":{"line":6,"column":21}},"loc":{"start":{"line":6,"column":43},"end":{"line":6,"column":114}},"line":6}},"branchMap":{},"s":{"0":4,"1":4,"2":4,"3":6,"4":4},"f":{"0":6},"b":{},"_coverageSchema":"1a1c01bbd47fc00a2c39e90264f33305004495a9","hash":"643e0994c3c05f4ed90a8804ddb67ae0c4663c05"}
,"/Users/gyutae/Desktop/dev-me/forest-kit/dist/operators/tapBy.js": {"path":"/Users/gyutae/Desktop/dev-me/forest-kit/dist/operators/tapBy.js","statementMap":{"0":{"start":{"line":3,"column":20},"end":{"line":3,"column":39}},"1":{"start":{"line":4,"column":24},"end":{"line":4,"column":58}},"2":{"start":{"line":9,"column":10},"end":{"line":9,"column":26}},"3":{"start":{"line":10,"column":19},"end":{"line":13,"column":1}},"4":{"start":{"line":16,"column":14},"end":{"line":29,"column":2}},"5":{"start":{"line":17,"column":4},"end":{"line":17,"column":36}},"6":{"start":{"line":18,"column":43},"end":{"line":18,"column":65}},"7":{"start":{"line":19,"column":4},"end":{"line":21,"column":5}},"8":{"start":{"line":20,"column":8},"end":{"line":20,"column":133}},"9":{"start":{"line":22,"column":20},"end":{"line":22,"column":53}},"10":{"start":{"line":23,"column":19},"end":{"line":23,"column":170}},"11":{"start":{"line":23,"column":147},"end":{"line":23,"column":159}},"12":{"start":{"line":24,"column":28},"end":{"line":24,"column":46}},"13":{"start":{"line":25,"column":4},"end":{"line":27,"column":5}},"14":{"start":{"line":26,"column":8},"end":{"line":26,"column":173}},"15":{"start":{"line":28,"column":4},"end":{"line":28,"column":18}},"16":{"start":{"line":31,"column":0},"end":{"line":31,"column":22}}},"fnMap":{"0":{"name":"(anonymous_0)","decl":{"start":{"line":16,"column":22},"end":{"line":16,"column":23}},"loc":{"start":{"line":16,"column":56},"end":{"line":29,"column":1}},"line":16},"1":{"name":"(anonymous_1)","decl":{"start":{"line":23,"column":141},"end":{"line":23,"column":142}},"loc":{"start":{"line":23,"column":147},"end":{"line":23,"column":159}},"line":23}},"branchMap":{"0":{"loc":{"start":{"line":19,"column":4},"end":{"line":21,"column":5}},"type":"if","locations":[{"start":{"line":19,"column":4},"end":{"line":21,"column":5}},{"start":{},"end":{}}],"line":19},"1":{"loc":{"start":{"line":25,"column":4},"end":{"line":27,"column":5}},"type":"if","locations":[{"start":{"line":25,"column":4},"end":{"line":27,"column":5}},{"start":{},"end":{}}],"line":25}},"s":{"0":3,"1":3,"2":3,"3":3,"4":3,"5":6,"6":6,"7":6,"8":1,"9":5,"10":5,"11":14,"12":5,"13":5,"14":1,"15":4,"16":3},"f":{"0":6,"1":14},"b":{"0":[1,5],"1":[1,4]},"_coverageSchema":"1a1c01bbd47fc00a2c39e90264f33305004495a9","hash":"32d4770df4091c86f004c516a82be3846557f7b5"}
,"/Users/gyutae/Desktop/dev-me/forest-kit/dist/operators/tapManyBy.js": {"path":"/Users/gyutae/Desktop/dev-me/forest-kit/dist/operators/tapManyBy.js","statementMap":{"0":{"start":{"line":3,"column":22},"end":{"line":3,"column":43}},"1":{"start":{"line":5,"column":10},"end":{"line":5,"column":26}},"2":{"start":{"line":7,"column":19},"end":{"line":10,"column":1}},"3":{"start":{"line":11,"column":18},"end":{"line":11,"column":134}},"4":{"start":{"line":11,"column":60},"end":{"line":11,"column":133}},"5":{"start":{"line":13,"column":0},"end":{"line":13,"column":30}}},"fnMap":{"0":{"name":"(anonymous_0)","decl":{"start":{"line":11,"column":26},"end":{"line":11,"column":27}},"loc":{"start":{"line":11,"column":60},"end":{"line":11,"column":133}},"line":11}},"branchMap":{},"s":{"0":1,"1":1,"2":1,"3":1,"4":1,"5":1},"f":{"0":1},"b":{},"_coverageSchema":"1a1c01bbd47fc00a2c39e90264f33305004495a9","hash":"bc15d76d867225e4f6db94508da180df779709c9"}
,"/Users/gyutae/Desktop/dev-me/forest-kit/dist/operators/tapOneBy.js": {"path":"/Users/gyutae/Desktop/dev-me/forest-kit/dist/operators/tapOneBy.js","statementMap":{"0":{"start":{"line":3,"column":22},"end":{"line":3,"column":43}},"1":{"start":{"line":5,"column":10},"end":{"line":5,"column":26}},"2":{"start":{"line":7,"column":19},"end":{"line":10,"column":1}},"3":{"start":{"line":11,"column":17},"end":{"line":11,"column":133}},"4":{"start":{"line":11,"column":59},"end":{"line":11,"column":132}},"5":{"start":{"line":13,"column":0},"end":{"line":13,"column":28}}},"fnMap":{"0":{"name":"(anonymous_0)","decl":{"start":{"line":11,"column":25},"end":{"line":11,"column":26}},"loc":{"start":{"line":11,"column":59},"end":{"line":11,"column":132}},"line":11}},"branchMap":{},"s":{"0":1,"1":1,"2":1,"3":1,"4":1,"5":1},"f":{"0":1},"b":{},"_coverageSchema":"1a1c01bbd47fc00a2c39e90264f33305004495a9","hash":"875c290eb6265494d3f77ba75fdc64dbce7d6646"}
,"/Users/gyutae/Desktop/dev-me/forest-kit/dist/operators/traverseWithApply.js": {"path":"/Users/gyutae/Desktop/dev-me/forest-kit/dist/operators/traverseWithApply.js","statementMap":{"0":{"start":{"line":3,"column":28},"end":{"line":3,"column":55}},"1":{"start":{"line":8,"column":10},"end":{"line":8,"column":26}},"2":{"start":{"line":9,"column":26},"end":{"line":15,"column":28}},"3":{"start":{"line":9,"column":66},"end":{"line":15,"column":27}},"4":{"start":{"line":10,"column":4},"end":{"line":10,"column":54}},"5":{"start":{"line":11,"column":77},"end":{"line":11,"column":134}},"6":{"start":{"line":12,"column":4},"end":{"line":12,"column":51}},"7":{"start":{"line":14,"column":4},"end":{"line":14,"column":49}},"8":{"start":{"line":17,"column":0},"end":{"line":17,"column":46}}},"fnMap":{"0":{"name":"(anonymous_0)","decl":{"start":{"line":9,"column":34},"end":{"line":9,"column":35}},"loc":{"start":{"line":9,"column":66},"end":{"line":15,"column":27}},"line":9},"1":{"name":"(anonymous_1)","decl":{"start":{"line":9,"column":107},"end":{"line":9,"column":108}},"loc":{"start":{"line":9,"column":113},"end":{"line":11,"column":1}},"line":9},"2":{"name":"(anonymous_2)","decl":{"start":{"line":11,"column":62},"end":{"line":11,"column":63}},"loc":{"start":{"line":11,"column":77},"end":{"line":11,"column":134}},"line":11},"3":{"name":"(anonymous_3)","decl":{"start":{"line":11,"column":216},"end":{"line":11,"column":217}},"loc":{"start":{"line":11,"column":222},"end":{"line":13,"column":1}},"line":11},"4":{"name":"(anonymous_4)","decl":{"start":{"line":13,"column":87},"end":{"line":13,"column":88}},"loc":{"start":{"line":13,"column":93},"end":{"line":15,"column":1}},"line":13}},"branchMap":{"0":{"loc":{"start":{"line":11,"column":77},"end":{"line":11,"column":134}},"type":"binary-expr","locations":[{"start":{"line":11,"column":77},"end":{"line":11,"column":94}},{"start":{"line":11,"column":98},"end":{"line":11,"column":134}}],"line":11},"1":{"loc":{"start":{"line":12,"column":4},"end":{"line":12,"column":50}},"type":"binary-expr","locations":[{"start":{"line":12,"column":4},"end":{"line":12,"column":21}},{"start":{"line":12,"column":25},"end":{"line":12,"column":50}}],"line":12},"2":{"loc":{"start":{"line":14,"column":4},"end":{"line":14,"column":48}},"type":"binary-expr","locations":[{"start":{"line":14,"column":4},"end":{"line":14,"column":21}},{"start":{"line":14,"column":25},"end":{"line":14,"column":48}}],"line":14}},"s":{"0":18,"1":18,"2":18,"3":412,"4":2,"5":851,"6":331,"7":323,"8":18},"f":{"0":412,"1":2,"2":851,"3":331,"4":323},"b":{"0":[851,192],"1":[331,80],"2":[323,80]},"_coverageSchema":"1a1c01bbd47fc00a2c39e90264f33305004495a9","hash":"357f708ce033d99632ef5ba29a70369640685276"}
,"/Users/gyutae/Desktop/dev-me/forest-kit/dist/operators/verifyNodeAllPropsTypeMatch.js": {"path":"/Users/gyutae/Desktop/dev-me/forest-kit/dist/operators/verifyNodeAllPropsTypeMatch.js","statementMap":{"0":{"start":{"line":3,"column":38},"end":{"line":3,"column":86}},"1":{"start":{"line":6,"column":10},"end":{"line":6,"column":26}},"2":{"start":{"line":7,"column":36},"end":{"line":11,"column":2}},"3":{"start":{"line":10,"column":4},"end":{"line":10,"column":86}},"4":{"start":{"line":13,"column":0},"end":{"line":13,"column":66}}},"fnMap":{"0":{"name":"(anonymous_0)","decl":{"start":{"line":7,"column":44},"end":{"line":7,"column":45}},"loc":{"start":{"line":9,"column":24},"end":{"line":11,"column":1}},"line":9}},"branchMap":{},"s":{"0":2,"1":2,"2":2,"3":6,"4":2},"f":{"0":6},"b":{},"_coverageSchema":"1a1c01bbd47fc00a2c39e90264f33305004495a9","hash":"5919f1327ff69c1f7724addfb94938d76b708063"}
,"/Users/gyutae/Desktop/dev-me/forest-kit/dist/operators/verifyNodesAllPropsTypeMatch.js": {"path":"/Users/gyutae/Desktop/dev-me/forest-kit/dist/operators/verifyNodesAllPropsTypeMatch.js","statementMap":{"0":{"start":{"line":3,"column":44},"end":{"line":3,"column":87}},"1":{"start":{"line":5,"column":10},"end":{"line":5,"column":26}},"2":{"start":{"line":6,"column":37},"end":{"line":8,"column":120}},"3":{"start":{"line":8,"column":25},"end":{"line":8,"column":119}},"4":{"start":{"line":10,"column":0},"end":{"line":10,"column":68}}},"fnMap":{"0":{"name":"(anonymous_0)","decl":{"start":{"line":6,"column":45},"end":{"line":6,"column":46}},"loc":{"start":{"line":8,"column":25},"end":{"line":8,"column":119}},"line":8}},"branchMap":{},"s":{"0":1,"1":1,"2":1,"3":2,"4":1},"f":{"0":2},"b":{},"_coverageSchema":"1a1c01bbd47fc00a2c39e90264f33305004495a9","hash":"bde39b2cd7aae2cb03e3f8e92388dbd0fe97f6dd"}
,"/Users/gyutae/Desktop/dev-me/forest-kit/src/_internal/counter.ts": {"path":"/Users/gyutae/Desktop/dev-me/forest-kit/src/_internal/counter.ts","statementMap":{"0":{"start":{"line":7,"column":29},"end":{"line":19,"column":1}},"1":{"start":{"line":8,"column":14},"end":{"line":8,"column":26}},"2":{"start":{"line":10,"column":2},"end":{"line":18,"column":4}},"3":{"start":{"line":12,"column":6},"end":{"line":12,"column":21}},"4":{"start":{"line":14,"column":20},"end":{"line":14,"column":25}},"5":{"start":{"line":16,"column":6},"end":{"line":16,"column":27}}},"fnMap":{"0":{"name":"(anonymous_0)","decl":{"start":{"line":7,"column":29},"end":{"line":7,"column":30}},"loc":{"start":{"line":7,"column":69},"end":{"line":19,"column":1}},"line":7},"1":{"name":"(anonymous_1)","decl":{"start":{"line":11,"column":8},"end":{"line":11,"column":9}},"loc":{"start":{"line":11,"column":14},"end":{"line":13,"column":5}},"line":11},"2":{"name":"(anonymous_2)","decl":{"start":{"line":14,"column":14},"end":{"line":14,"column":15}},"loc":{"start":{"line":14,"column":20},"end":{"line":14,"column":25}},"line":14},"3":{"name":"(anonymous_3)","decl":{"start":{"line":15,"column":11},"end":{"line":15,"column":12}},"loc":{"start":{"line":15,"column":17},"end":{"line":17,"column":5}},"line":15}},"branchMap":{"0":{"loc":{"start":{"line":7,"column":30},"end":{"line":7,"column":54}},"type":"default-arg","locations":[{"start":{"line":7,"column":53},"end":{"line":7,"column":54}}],"line":7}},"s":{"0":15,"1":56,"2":56,"3":79,"4":172,"5":0},"f":{"0":56,"1":79,"2":172,"3":0},"b":{"0":[56]},"_coverageSchema":"1a1c01bbd47fc00a2c39e90264f33305004495a9","hash":"a8928ed1397453c6814592d36089b42a516bcf28"}
,"/Users/gyutae/Desktop/dev-me/forest-kit/src/_internal/createNumberIncrementer.ts": {"path":"/Users/gyutae/Desktop/dev-me/forest-kit/src/_internal/createNumberIncrementer.ts","statementMap":{"0":{"start":{"line":5,"column":65},"end":{"line":9,"column":2}},"1":{"start":{"line":7,"column":6},"end":{"line":9,"column":1}},"2":{"start":{"line":8,"column":14},"end":{"line":8,"column":29}}},"fnMap":{"0":{"name":"(anonymous_0)","decl":{"start":{"line":5,"column":65},"end":{"line":5,"column":66}},"loc":{"start":{"line":7,"column":6},"end":{"line":9,"column":1}},"line":7},"1":{"name":"(anonymous_1)","decl":{"start":{"line":8,"column":8},"end":{"line":8,"column":9}},"loc":{"start":{"line":8,"column":14},"end":{"line":8,"column":29}},"line":8}},"branchMap":{},"s":{"0":1,"1":1,"2":12},"f":{"0":1,"1":12},"b":{},"_coverageSchema":"1a1c01bbd47fc00a2c39e90264f33305004495a9","hash":"21a6832fa3f775b71e237b052d9a24d41dcbc0a0"}
,"/Users/gyutae/Desktop/dev-me/forest-kit/src/_internal/satisfiesAllPropTypes.ts": {"path":"/Users/gyutae/Desktop/dev-me/forest-kit/src/_internal/satisfiesAllPropTypes.ts","statementMap":{"0":{"start":{"line":1,"column":10},"end":{"line":1,"column":26}},"1":{"start":{"line":4,"column":37},"end":{"line":12,"column":1}},"2":{"start":{"line":5,"column":2},"end":{"line":11,"column":3}},"3":{"start":{"line":9,"column":30},"end":{"line":9,"column":50}}},"fnMap":{"0":{"name":"(anonymous_0)","decl":{"start":{"line":4,"column":45},"end":{"line":4,"column":46}},"loc":{"start":{"line":5,"column":2},"end":{"line":11,"column":3}},"line":5},"1":{"name":"(anonymous_1)","decl":{"start":{"line":9,"column":12},"end":{"line":9,"column":13}},"loc":{"start":{"line":9,"column":30},"end":{"line":9,"column":50}},"line":9}},"branchMap":{},"s":{"0":2,"1":2,"2":6,"3":12},"f":{"0":6,"1":12},"b":{},"_coverageSchema":"1a1c01bbd47fc00a2c39e90264f33305004495a9","hash":"3ff4771e2325937fdcd5cd8706e050b41d52e5bb"}
,"/Users/gyutae/Desktop/dev-me/forest-kit/src/_internal/store.ts": {"path":"/Users/gyutae/Desktop/dev-me/forest-kit/src/_internal/store.ts","statementMap":{"0":{"start":{"line":1,"column":10},"end":{"line":1,"column":26}},"1":{"start":{"line":6,"column":21},"end":{"line":15,"column":1}},"2":{"start":{"line":7,"column":14},"end":{"line":7,"column":26}},"3":{"start":{"line":9,"column":2},"end":{"line":14,"column":4}},"4":{"start":{"line":11,"column":6},"end":{"line":11,"column":33}},"5":{"start":{"line":13,"column":15},"end":{"line":13,"column":29}}},"fnMap":{"0":{"name":"(anonymous_0)","decl":{"start":{"line":6,"column":21},"end":{"line":6,"column":22}},"loc":{"start":{"line":6,"column":39},"end":{"line":15,"column":1}},"line":6},"1":{"name":"(anonymous_1)","decl":{"start":{"line":10,"column":12},"end":{"line":10,"column":13}},"loc":{"start":{"line":10,"column":27},"end":{"line":12,"column":5}},"line":10},"2":{"name":"(anonymous_2)","decl":{"start":{"line":13,"column":9},"end":{"line":13,"column":10}},"loc":{"start":{"line":13,"column":15},"end":{"line":13,"column":29}},"line":13}},"branchMap":{},"s":{"0":6,"1":6,"2":44,"3":44,"4":376,"5":596},"f":{"0":44,"1":376,"2":596},"b":{},"_coverageSchema":"1a1c01bbd47fc00a2c39e90264f33305004495a9","hash":"5f3a6f883aff747424f9345fd1548ba222a4b57e"}
,"/Users/gyutae/Desktop/dev-me/forest-kit/src/_internal/typeCheck.ts": {"path":"/Users/gyutae/Desktop/dev-me/forest-kit/src/_internal/typeCheck.ts","statementMap":{"0":{"start":{"line":1,"column":10},"end":{"line":1,"column":26}},"1":{"start":{"line":3,"column":36},"end":{"line":6,"column":1}}},"fnMap":{},"branchMap":{},"s":{"0":3,"1":3},"f":{},"b":{},"_coverageSchema":"1a1c01bbd47fc00a2c39e90264f33305004495a9","hash":"36663937f8d6e4979ac986518cd145959c275c5d"}
,"/Users/gyutae/Desktop/dev-me/forest-kit/src/operators/addIncrementalNumberToEachNode.ts": {"path":"/Users/gyutae/Desktop/dev-me/forest-kit/src/operators/addIncrementalNumberToEachNode.ts","statementMap":{"0":{"start":{"line":7,"column":10},"end":{"line":7,"column":26}},"1":{"start":{"line":9,"column":46},"end":{"line":24,"column":1}},"2":{"start":{"line":16,"column":30},"end":{"line":16,"column":60}},"3":{"start":{"line":18,"column":4},"end":{"line":22,"column":6}},"4":{"start":{"line":20,"column":14},"end":{"line":20,"column":64}}},"fnMap":{"0":{"name":"(anonymous_0)","decl":{"start":{"line":10,"column":2},"end":{"line":10,"column":3}},"loc":{"start":{"line":15,"column":16},"end":{"line":23,"column":3}},"line":15},"1":{"name":"(anonymous_1)","decl":{"start":{"line":20,"column":6},"end":{"line":20,"column":7}},"loc":{"start":{"line":20,"column":14},"end":{"line":20,"column":64}},"line":20}},"branchMap":{},"s":{"0":1,"1":1,"2":1,"3":1,"4":12},"f":{"0":1,"1":12},"b":{},"_coverageSchema":"1a1c01bbd47fc00a2c39e90264f33305004495a9","hash":"77955d408baca7102496726aad6a95a22e08dc6c"}
,"/Users/gyutae/Desktop/dev-me/forest-kit/src/operators/addPositionPropToEachNode.ts": {"path":"/Users/gyutae/Desktop/dev-me/forest-kit/src/operators/addPositionPropToEachNode.ts","statementMap":{"0":{"start":{"line":7,"column":10},"end":{"line":7,"column":26}},"1":{"start":{"line":10,"column":41},"end":{"line":56,"column":1}},"2":{"start":{"line":16,"column":18},"end":{"line":18,"column":6}},"3":{"start":{"line":21,"column":25},"end":{"line":43,"column":5}},"4":{"start":{"line":22,"column":27},"end":{"line":22,"column":38}},"5":{"start":{"line":24,"column":6},"end":{"line":42,"column":7}},"6":{"start":{"line":27,"column":25},"end":{"line":27,"column":39}},"7":{"start":{"line":28,"column":12},"end":{"line":28,"column":64}},"8":{"start":{"line":30,"column":10},"end":{"line":30,"column":16}},"9":{"start":{"line":33,"column":10},"end":{"line":33,"column":55}},"10":{"start":{"line":34,"column":10},"end":{"line":34,"column":16}},"11":{"start":{"line":37,"column":10},"end":{"line":37,"column":25}},"12":{"start":{"line":38,"column":10},"end":{"line":40,"column":13}},"13":{"start":{"line":41,"column":10},"end":{"line":41,"column":16}},"14":{"start":{"line":45,"column":23},"end":{"line":48,"column":5}},"15":{"start":{"line":50,"column":4},"end":{"line":54,"column":6}},"16":{"start":{"line":52,"column":14},"end":{"line":52,"column":70}}},"fnMap":{"0":{"name":"(anonymous_0)","decl":{"start":{"line":11,"column":2},"end":{"line":11,"column":3}},"loc":{"start":{"line":15,"column":16},"end":{"line":55,"column":3}},"line":15},"1":{"name":"(anonymous_1)","decl":{"start":{"line":21,"column":25},"end":{"line":21,"column":26}},"loc":{"start":{"line":21,"column":40},"end":{"line":43,"column":5}},"line":21},"2":{"name":"(anonymous_2)","decl":{"start":{"line":52,"column":6},"end":{"line":52,"column":7}},"loc":{"start":{"line":52,"column":14},"end":{"line":52,"column":70}},"line":52}},"branchMap":{"0":{"loc":{"start":{"line":24,"column":6},"end":{"line":42,"column":7}},"type":"switch","locations":[{"start":{"line":25,"column":8},"end":{"line":30,"column":16}},{"start":{"line":32,"column":8},"end":{"line":34,"column":16}},{"start":{"line":36,"column":8},"end":{"line":41,"column":16}}],"line":24}},"s":{"0":5,"1":5,"2":16,"3":16,"4":352,"5":352,"6":192,"7":192,"8":192,"9":80,"10":80,"11":80,"12":80,"13":80,"14":16,"15":16,"16":192},"f":{"0":16,"1":352,"2":192},"b":{"0":[192,80,80]},"_coverageSchema":"1a1c01bbd47fc00a2c39e90264f33305004495a9","hash":"bd952942d039d08034cdb18f4658babb1ac5bf38"}
,"/Users/gyutae/Desktop/dev-me/forest-kit/src/operators/changePropNameToEachNode.ts": {"path":"/Users/gyutae/Desktop/dev-me/forest-kit/src/operators/changePropNameToEachNode.ts","statementMap":{"0":{"start":{"line":5,"column":10},"end":{"line":5,"column":26}},"1":{"start":{"line":7,"column":40},"end":{"line":23,"column":1}},"2":{"start":{"line":14,"column":4},"end":{"line":22,"column":5}},"3":{"start":{"line":17,"column":8},"end":{"line":20,"column":10}}},"fnMap":{"0":{"name":"(anonymous_0)","decl":{"start":{"line":8,"column":2},"end":{"line":8,"column":3}},"loc":{"start":{"line":14,"column":4},"end":{"line":22,"column":5}},"line":14},"1":{"name":"(anonymous_1)","decl":{"start":{"line":16,"column":6},"end":{"line":16,"column":7}},"loc":{"start":{"line":17,"column":8},"end":{"line":20,"column":10}},"line":17}},"branchMap":{},"s":{"0":1,"1":1,"2":1,"3":12},"f":{"0":1,"1":12},"b":{},"_coverageSchema":"1a1c01bbd47fc00a2c39e90264f33305004495a9","hash":"b7d5c68ec0c5a06b3f250052954c64e9e27cbb21"}
,"/Users/gyutae/Desktop/dev-me/forest-kit/src/operators/deepFlatten.ts": {"path":"/Users/gyutae/Desktop/dev-me/forest-kit/src/operators/deepFlatten.ts","statementMap":{"0":{"start":{"line":5,"column":10},"end":{"line":5,"column":26}},"1":{"start":{"line":7,"column":27},"end":{"line":18,"column":1}},"2":{"start":{"line":9,"column":4},"end":{"line":17,"column":12}},"3":{"start":{"line":11,"column":8},"end":{"line":15,"column":15}}},"fnMap":{"0":{"name":"(anonymous_0)","decl":{"start":{"line":8,"column":2},"end":{"line":8,"column":3}},"loc":{"start":{"line":9,"column":4},"end":{"line":17,"column":12}},"line":9},"1":{"name":"(anonymous_1)","decl":{"start":{"line":10,"column":14},"end":{"line":10,"column":15}},"loc":{"start":{"line":11,"column":8},"end":{"line":15,"column":15}},"line":11}},"branchMap":{},"s":{"0":13,"1":13,"2":161,"3":319},"f":{"0":161,"1":319},"b":{},"_coverageSchema":"1a1c01bbd47fc00a2c39e90264f33305004495a9","hash":"c3fba19916c1fe304d89b2288c94dc0bc5472e3f"}
,"/Users/gyutae/Desktop/dev-me/forest-kit/src/operators/ensureArray.ts": {"path":"/Users/gyutae/Desktop/dev-me/forest-kit/src/operators/ensureArray.ts","statementMap":{"0":{"start":{"line":1,"column":10},"end":{"line":1,"column":26}},"1":{"start":{"line":3,"column":27},"end":{"line":10,"column":11}},"2":{"start":{"line":6,"column":2},"end":{"line":10,"column":11}}},"fnMap":{"0":{"name":"(anonymous_0)","decl":{"start":{"line":3,"column":27},"end":{"line":3,"column":28}},"loc":{"start":{"line":6,"column":2},"end":{"line":10,"column":11}},"line":6}},"branchMap":{},"s":{"0":1,"1":1,"2":3},"f":{"0":3},"b":{},"_coverageSchema":"1a1c01bbd47fc00a2c39e90264f33305004495a9","hash":"a12244c59bbd61c80e31b1486bd02c70599de5bb"}
,"/Users/gyutae/Desktop/dev-me/forest-kit/src/operators/every.ts": {"path":"/Users/gyutae/Desktop/dev-me/forest-kit/src/operators/every.ts","statementMap":{"0":{"start":{"line":5,"column":10},"end":{"line":5,"column":26}},"1":{"start":{"line":7,"column":21},"end":{"line":13,"column":1}},"2":{"start":{"line":12,"column":16},"end":{"line":12,"column":65}}},"fnMap":{"0":{"name":"(anonymous_0)","decl":{"start":{"line":8,"column":2},"end":{"line":8,"column":3}},"loc":{"start":{"line":12,"column":16},"end":{"line":12,"column":65}},"line":12}},"branchMap":{},"s":{"0":1,"1":1,"2":2},"f":{"0":2},"b":{},"_coverageSchema":"1a1c01bbd47fc00a2c39e90264f33305004495a9","hash":"5b843f51fb1109dd0207de6f44f45d8bdb6f538a"}
,"/Users/gyutae/Desktop/dev-me/forest-kit/src/operators/everyOnLeafNodes.ts": {"path":"/Users/gyutae/Desktop/dev-me/forest-kit/src/operators/everyOnLeafNodes.ts","statementMap":{"0":{"start":{"line":5,"column":10},"end":{"line":5,"column":26}},"1":{"start":{"line":7,"column":32},"end":{"line":13,"column":1}},"2":{"start":{"line":12,"column":16},"end":{"line":12,"column":70}}},"fnMap":{"0":{"name":"(anonymous_0)","decl":{"start":{"line":8,"column":2},"end":{"line":8,"column":3}},"loc":{"start":{"line":12,"column":16},"end":{"line":12,"column":70}},"line":12}},"branchMap":{},"s":{"0":1,"1":1,"2":2},"f":{"0":2},"b":{},"_coverageSchema":"1a1c01bbd47fc00a2c39e90264f33305004495a9","hash":"bb0c0c15c18e9bdddf1d8241fcbb753ddada9683"}
,"/Users/gyutae/Desktop/dev-me/forest-kit/src/operators/extractLeafNodes.ts": {"path":"/Users/gyutae/Desktop/dev-me/forest-kit/src/operators/extractLeafNodes.ts","statementMap":{"0":{"start":{"line":6,"column":10},"end":{"line":6,"column":26}},"1":{"start":{"line":8,"column":32},"end":{"line":11,"column":1}},"2":{"start":{"line":10,"column":4},"end":{"line":10,"column":62}}},"fnMap":{"0":{"name":"(anonymous_0)","decl":{"start":{"line":9,"column":2},"end":{"line":9,"column":3}},"loc":{"start":{"line":10,"column":4},"end":{"line":10,"column":62}},"line":10}},"branchMap":{},"s":{"0":3,"1":3,"2":7},"f":{"0":7},"b":{},"_coverageSchema":"1a1c01bbd47fc00a2c39e90264f33305004495a9","hash":"e7155e0a302273f80c6be7ef75aa10e93f33a260"}
,"/Users/gyutae/Desktop/dev-me/forest-kit/src/operators/extractNDepthNodes.ts": {"path":"/Users/gyutae/Desktop/dev-me/forest-kit/src/operators/extractNDepthNodes.ts","statementMap":{"0":{"start":{"line":7,"column":10},"end":{"line":7,"column":26}},"1":{"start":{"line":9,"column":34},"end":{"line":17,"column":1}},"2":{"start":{"line":11,"column":4},"end":{"line":16,"column":12}},"3":{"start":{"line":20,"column":18},"end":{"line":22,"column":1}},"4":{"start":{"line":21,"column":2},"end":{"line":21,"column":62}}},"fnMap":{"0":{"name":"(anonymous_0)","decl":{"start":{"line":10,"column":2},"end":{"line":10,"column":3}},"loc":{"start":{"line":11,"column":4},"end":{"line":16,"column":12}},"line":11},"1":{"name":"(anonymous_1)","decl":{"start":{"line":20,"column":26},"end":{"line":20,"column":27}},"loc":{"start":{"line":21,"column":2},"end":{"line":21,"column":62}},"line":21}},"branchMap":{},"s":{"0":1,"1":1,"2":1,"3":1,"4":12},"f":{"0":1,"1":12},"b":{},"_coverageSchema":"1a1c01bbd47fc00a2c39e90264f33305004495a9","hash":"af1f13686a466d5e9825757d1e8b88ac4428bea6"}
,"/Users/gyutae/Desktop/dev-me/forest-kit/src/operators/filter.ts": {"path":"/Users/gyutae/Desktop/dev-me/forest-kit/src/operators/filter.ts","statementMap":{"0":{"start":{"line":5,"column":10},"end":{"line":5,"column":26}},"1":{"start":{"line":7,"column":22},"end":{"line":23,"column":1}},"2":{"start":{"line":13,"column":4},"end":{"line":22,"column":12}}},"fnMap":{"0":{"name":"(anonymous_0)","decl":{"start":{"line":8,"column":2},"end":{"line":8,"column":3}},"loc":{"start":{"line":13,"column":4},"end":{"line":22,"column":12}},"line":13}},"branchMap":{},"s":{"0":4,"1":4,"2":34},"f":{"0":34},"b":{},"_coverageSchema":"1a1c01bbd47fc00a2c39e90264f33305004495a9","hash":"4ac76f9342789ef566a829b76b34e90250acc4d8"}
,"/Users/gyutae/Desktop/dev-me/forest-kit/src/operators/filterBy.ts": {"path":"/Users/gyutae/Desktop/dev-me/forest-kit/src/operators/filterBy.ts","statementMap":{"0":{"start":{"line":10,"column":10},"end":{"line":10,"column":26}},"1":{"start":{"line":12,"column":38},"end":{"line":15,"column":1}},"2":{"start":{"line":19,"column":24},"end":{"line":55,"column":1}},"3":{"start":{"line":25,"column":4},"end":{"line":25,"column":36}},"4":{"start":{"line":26,"column":43},"end":{"line":26,"column":65}},"5":{"start":{"line":28,"column":4},"end":{"line":32,"column":5}},"6":{"start":{"line":29,"column":6},"end":{"line":31,"column":8}},"7":{"start":{"line":34,"column":20},"end":{"line":34,"column":35}},"8":{"start":{"line":35,"column":19},"end":{"line":44,"column":5}},"9":{"start":{"line":46,"column":28},"end":{"line":46,"column":46}},"10":{"start":{"line":47,"column":4},"end":{"line":51,"column":5}},"11":{"start":{"line":48,"column":6},"end":{"line":50,"column":8}},"12":{"start":{"line":53,"column":4},"end":{"line":53,"column":18}},"13":{"start":{"line":57,"column":32},"end":{"line":67,"column":1}},"14":{"start":{"line":59,"column":4},"end":{"line":66,"column":5}},"15":{"start":{"line":60,"column":30},"end":{"line":60,"column":56}},"16":{"start":{"line":63,"column":20},"end":{"line":63,"column":29}}},"fnMap":{"0":{"name":"(anonymous_0)","decl":{"start":{"line":20,"column":2},"end":{"line":20,"column":3}},"loc":{"start":{"line":24,"column":16},"end":{"line":54,"column":3}},"line":24},"1":{"name":"(anonymous_1)","decl":{"start":{"line":58,"column":2},"end":{"line":58,"column":3}},"loc":{"start":{"line":59,"column":4},"end":{"line":66,"column":5}},"line":59},"2":{"name":"(anonymous_2)","decl":{"start":{"line":60,"column":24},"end":{"line":60,"column":25}},"loc":{"start":{"line":60,"column":30},"end":{"line":60,"column":56}},"line":60},"3":{"name":"(anonymous_3)","decl":{"start":{"line":63,"column":14},"end":{"line":63,"column":15}},"loc":{"start":{"line":63,"column":20},"end":{"line":63,"column":29}},"line":63}},"branchMap":{"0":{"loc":{"start":{"line":28,"column":4},"end":{"line":32,"column":5}},"type":"if","locations":[{"start":{"line":28,"column":4},"end":{"line":32,"column":5}},{"start":{},"end":{}}],"line":28},"1":{"loc":{"start":{"line":47,"column":4},"end":{"line":51,"column":5}},"type":"if","locations":[{"start":{"line":47,"column":4},"end":{"line":51,"column":5}},{"start":{},"end":{}}],"line":47}},"s":{"0":3,"1":3,"2":3,"3":5,"4":5,"5":5,"6":1,"7":4,"8":4,"9":4,"10":4,"11":1,"12":3,"13":3,"14":4,"15":11,"16":8},"f":{"0":5,"1":4,"2":11,"3":8},"b":{"0":[1,4],"1":[1,3]},"_coverageSchema":"1a1c01bbd47fc00a2c39e90264f33305004495a9","hash":"a1cc22ea7f0a66c4d25293812f45d74ad61d7337"}
,"/Users/gyutae/Desktop/dev-me/forest-kit/src/operators/filterManyBy.ts": {"path":"/Users/gyutae/Desktop/dev-me/forest-kit/src/operators/filterManyBy.ts","statementMap":{"0":{"start":{"line":5,"column":10},"end":{"line":5,"column":26}},"1":{"start":{"line":7,"column":38},"end":{"line":10,"column":1}},"2":{"start":{"line":12,"column":28},"end":{"line":18,"column":1}},"3":{"start":{"line":17,"column":16},"end":{"line":17,"column":69}}},"fnMap":{"0":{"name":"(anonymous_0)","decl":{"start":{"line":13,"column":2},"end":{"line":13,"column":3}},"loc":{"start":{"line":17,"column":16},"end":{"line":17,"column":69}},"line":17}},"branchMap":{},"s":{"0":1,"1":1,"2":1,"3":1},"f":{"0":1},"b":{},"_coverageSchema":"1a1c01bbd47fc00a2c39e90264f33305004495a9","hash":"64ec4c1f6ec4716533e5db3ddc12fa1ce18bcfdd"}
[...]
,"column":14},"end":{"line":23,"column":53}},"line":23},"2":{"name":"(anonymous_2)","decl":{"start":{"line":25,"column":16},"end":{"line":25,"column":17}},"loc":{"start":{"line":25,"column":22},"end":{"line":27,"column":11}},"line":25},"3":{"name":"(anonymous_3)","decl":{"start":{"line":47,"column":17},"end":{"line":47,"column":18}},"loc":{"start":{"line":47,"column":35},"end":{"line":61,"column":1}},"line":47},"4":{"name":"(anonymous_4)","decl":{"start":{"line":47,"column":35},"end":{"line":47,"column":36}},"loc":{"start":{"line":47,"column":46},"end":{"line":61,"column":1}},"line":47}},"branchMap":{"0":{"loc":{"start":{"line":30,"column":21},"end":{"line":30,"column":38}},"type":"binary-expr","locations":[{"start":{"line":30,"column":21},"end":{"line":30,"column":28}},{"start":{"line":30,"column":32},"end":{"line":30,"column":38}}],"line":30},"1":{"loc":{"start":{"line":39,"column":4},"end":{"line":39,"column":61}},"type":"if","locations":[{"start":{"line":39,"column":4},"end":{"line":39,"column":61}},{"start":{},"end":{}}],"line":39},"2":{"loc":{"start":{"line":48,"column":2},"end":{"line":50,"column":3}},"type":"if","locations":[{"start":{"line":48,"column":2},"end":{"line":50,"column":3}},{"start":{},"end":{}}],"line":48},"3":{"loc":{"start":{"line":52,"column":2},"end":{"line":58,"column":75}},"type":"if","locations":[{"start":{"line":52,"column":2},"end":{"line":58,"column":75}},{"start":{"line":53,"column":7},"end":{"line":58,"column":75}}],"line":52},"4":{"loc":{"start":{"line":53,"column":7},"end":{"line":58,"column":75}},"type":"if","locations":[{"start":{"line":53,"column":7},"end":{"line":58,"column":75}},{"start":{"line":54,"column":7},"end":{"line":58,"column":75}}],"line":53},"5":{"loc":{"start":{"line":54,"column":7},"end":{"line":58,"column":75}},"type":"if","locations":[{"start":{"line":54,"column":7},"end":{"line":58,"column":75}},{"start":{"line":58,"column":7},"end":{"line":58,"column":75}}],"line":54},"6":{"loc":{"start":{"line":54,"column":11},"end":{"line":54,"column":38}},"type":"binary-expr","locations":[{"start":{"line":54,"column":11},"end":{"line":54,"column":17}},{"start":{"line":54,"column":21},"end":{"line":54,"column":38}}],"line":54},"7":{"loc":{"start":{"line":58,"column":7},"end":{"line":58,"column":75}},"type":"if","locations":[{"start":{"line":58,"column":7},"end":{"line":58,"column":75}},{"start":{},"end":{}}],"line":58}},"s":{"0":3,"1":3,"2":28,"3":28,"4":28,"5":24,"6":24,"7":24,"8":4,"9":20,"10":3,"11":28,"12":24,"13":14,"14":24,"15":2,"16":22,"17":4,"18":18,"19":4,"20":14,"21":14,"22":0},"f":{"0":28,"1":28,"2":24,"3":28,"4":24},"b":{"0":[28,8],"1":[4,20],"2":[14,10],"3":[2,22],"4":[4,18],"5":[4,14],"6":[18,16],"7":[14,0]},"_coverageSchema":"1a1c01bbd47fc00a2c39e90264f33305004495a9","hash":"3eb9ad45c55b8b3d03e660066cbfeec824e250d6"}
,"/Users/gyutae/Desktop/dev-me/forest-kit/src/operators/isLeafNode.ts": {"path":"/Users/gyutae/Desktop/dev-me/forest-kit/src/operators/isLeafNode.ts","statementMap":{"0":{"start":{"line":5,"column":10},"end":{"line":5,"column":26}},"1":{"start":{"line":8,"column":26},"end":{"line":11,"column":1}},"2":{"start":{"line":10,"column":4},"end":{"line":10,"column":60}}},"fnMap":{"0":{"name":"(anonymous_0)","decl":{"start":{"line":9,"column":2},"end":{"line":9,"column":3}},"loc":{"start":{"line":10,"column":4},"end":{"line":10,"column":60}},"line":10}},"branchMap":{},"s":{"0":4,"1":4,"2":71},"f":{"0":71},"b":{},"_coverageSchema":"1a1c01bbd47fc00a2c39e90264f33305004495a9","hash":"66df9ce38f9f5f971b281e9c806e0fb123b3f430"}
,"/Users/gyutae/Desktop/dev-me/forest-kit/src/operators/map.ts": {"path":"/Users/gyutae/Desktop/dev-me/forest-kit/src/operators/map.ts","statementMap":{"0":{"start":{"line":5,"column":10},"end":{"line":5,"column":26}},"1":{"start":{"line":7,"column":19},"end":{"line":13,"column":1}},"2":{"start":{"line":12,"column":16},"end":{"line":12,"column":61}}},"fnMap":{"0":{"name":"(anonymous_0)","decl":{"start":{"line":8,"column":2},"end":{"line":8,"column":3}},"loc":{"start":{"line":12,"column":16},"end":{"line":12,"column":61}},"line":12}},"branchMap":{},"s":{"0":13,"1":13,"2":72},"f":{"0":72},"b":{},"_coverageSchema":"1a1c01bbd47fc00a2c39e90264f33305004495a9","hash":"c1f1ab76c1c97b92f4e0382acfc1b9aebbad6fab"}
,"/Users/gyutae/Desktop/dev-me/forest-kit/src/operators/mapBy.ts": {"path":"/Users/gyutae/Desktop/dev-me/forest-kit/src/operators/mapBy.ts","statementMap":{"0":{"start":{"line":9,"column":10},"end":{"line":9,"column":26}},"1":{"start":{"line":11,"column":38},"end":{"line":14,"column":1}},"2":{"start":{"line":18,"column":21},"end":{"line":56,"column":1}},"3":{"start":{"line":25,"column":4},"end":{"line":25,"column":36}},"4":{"start":{"line":26,"column":43},"end":{"line":26,"column":65}},"5":{"start":{"line":28,"column":4},"end":{"line":32,"column":5}},"6":{"start":{"line":29,"column":6},"end":{"line":31,"column":8}},"7":{"start":{"line":34,"column":20},"end":{"line":34,"column":35}},"8":{"start":{"line":35,"column":19},"end":{"line":45,"column":5}},"9":{"start":{"line":41,"column":22},"end":{"line":41,"column":34}},"10":{"start":{"line":47,"column":28},"end":{"line":47,"column":46}},"11":{"start":{"line":48,"column":4},"end":{"line":52,"column":5}},"12":{"start":{"line":49,"column":6},"end":{"line":51,"column":8}},"13":{"start":{"line":54,"column":4},"end":{"line":54,"column":18}}},"fnMap":{"0":{"name":"(anonymous_0)","decl":{"start":{"line":19,"column":2},"end":{"line":19,"column":3}},"loc":{"start":{"line":24,"column":16},"end":{"line":55,"column":3}},"line":24},"1":{"name":"(anonymous_1)","decl":{"start":{"line":41,"column":16},"end":{"line":41,"column":17}},"loc":{"start":{"line":41,"column":22},"end":{"line":41,"column":34}},"line":41}},"branchMap":{"0":{"loc":{"start":{"line":28,"column":4},"end":{"line":32,"column":5}},"type":"if","locations":[{"start":{"line":28,"column":4},"end":{"line":32,"column":5}},{"start":{},"end":{}}],"line":28},"1":{"loc":{"start":{"line":48,"column":4},"end":{"line":52,"column":5}},"type":"if","locations":[{"start":{"line":48,"column":4},"end":{"line":52,"column":5}},{"start":{},"end":{}}],"line":48}},"s":{"0":6,"1":6,"2":6,"3":35,"4":35,"5":35,"6":1,"7":34,"8":34,"9":34,"10":30,"11":30,"12":1,"13":29},"f":{"0":35,"1":34},"b":{"0":[1,34],"1":[1,29]},"_coverageSchema":"1a1c01bbd47fc00a2c39e90264f33305004495a9","hash":"adff0b7f83062975efd215ee09fab53bd9c6b640"}
,"/Users/gyutae/Desktop/dev-me/forest-kit/src/operators/mapManyBy.ts": {"path":"/Users/gyutae/Desktop/dev-me/forest-kit/src/operators/mapManyBy.ts","statementMap":{"0":{"start":{"line":5,"column":10},"end":{"line":5,"column":26}},"1":{"start":{"line":8,"column":38},"end":{"line":11,"column":1}},"2":{"start":{"line":13,"column":25},"end":{"line":21,"column":1}},"3":{"start":{"line":20,"column":4},"end":{"line":20,"column":70}}},"fnMap":{"0":{"name":"(anonymous_0)","decl":{"start":{"line":14,"column":2},"end":{"line":14,"column":3}},"loc":{"start":{"line":20,"column":4},"end":{"line":20,"column":70}},"line":20}},"branchMap":{},"s":{"0":1,"1":1,"2":1,"3":1},"f":{"0":1},"b":{},"_coverageSchema":"1a1c01bbd47fc00a2c39e90264f33305004495a9","hash":"6c0c8c368628348fe56597328287f5dbc8cf93cc"}
,"/Users/gyutae/Desktop/dev-me/forest-kit/src/operators/mapOneBy.ts": {"path":"/Users/gyutae/Desktop/dev-me/forest-kit/src/operators/mapOneBy.ts","statementMap":{"0":{"start":{"line":5,"column":10},"end":{"line":5,"column":26}},"1":{"start":{"line":8,"column":38},"end":{"line":11,"column":1}},"2":{"start":{"line":13,"column":24},"end":{"line":21,"column":1}},"3":{"start":{"line":20,"column":4},"end":{"line":20,"column":70}}},"fnMap":{"0":{"name":"(anonymous_0)","decl":{"start":{"line":14,"column":2},"end":{"line":14,"column":3}},"loc":{"start":{"line":20,"column":4},"end":{"line":20,"column":70}},"line":20}},"branchMap":{},"s":{"0":1,"1":1,"2":1,"3":1},"f":{"0":1},"b":{},"_coverageSchema":"1a1c01bbd47fc00a2c39e90264f33305004495a9","hash":"dcdf9638fd4bd610a2f763e208cddc69e52bdd8d"}
,"/Users/gyutae/Desktop/dev-me/forest-kit/src/operators/mergeTwoTrees.ts": {"path":"/Users/gyutae/Desktop/dev-me/forest-kit/src/operators/mergeTwoTrees.ts","statementMap":{"0":{"start":{"line":8,"column":10},"end":{"line":8,"column":26}},"1":{"start":{"line":11,"column":29},"end":{"line":32,"column":1}},"2":{"start":{"line":13,"column":34},"end":{"line":16,"column":16}},"3":{"start":{"line":18,"column":4},"end":{"line":30,"column":18}},"4":{"start":{"line":21,"column":8},"end":{"line":27,"column":10}},"5":{"start":{"line":23,"column":26},"end":{"line":23,"column":66}}},"fnMap":{"0":{"name":"(anonymous_0)","decl":{"start":{"line":12,"column":2},"end":{"line":12,"column":3}},"loc":{"start":{"line":12,"column":78},"end":{"line":31,"column":3}},"line":12},"1":{"name":"(anonymous_1)","decl":{"start":{"line":20,"column":15},"end":{"line":20,"column":16}},"loc":{"start":{"line":21,"column":8},"end":{"line":27,"column":10}},"line":21},"2":{"name":"(anonymous_2)","decl":{"start":{"line":23,"column":12},"end":{"line":23,"column":13}},"loc":{"start":{"line":23,"column":26},"end":{"line":23,"column":66}},"line":23}},"branchMap":{},"s":{"0":1,"1":1,"2":1,"3":1,"4":12,"5":78},"f":{"0":1,"1":12,"2":78},"b":{},"_coverageSchema":"1a1c01bbd47fc00a2c39e90264f33305004495a9","hash":"c810c7ab69d9f2e83049b1c6baefb6bb3acd6f5a"}
,"/Users/gyutae/Desktop/dev-me/forest-kit/src/operators/removePropToEachNode.ts": {"path":"/Users/gyutae/Desktop/dev-me/forest-kit/src/operators/removePropToEachNode.ts","statementMap":{"0":{"start":{"line":5,"column":10},"end":{"line":5,"column":26}},"1":{"start":{"line":7,"column":36},"end":{"line":10,"column":1}},"2":{"start":{"line":9,"column":4},"end":{"line":9,"column":38}}},"fnMap":{"0":{"name":"(anonymous_0)","decl":{"start":{"line":8,"column":2},"end":{"line":8,"column":3}},"loc":{"start":{"line":9,"column":4},"end":{"line":9,"column":38}},"line":9}},"branchMap":{},"s":{"0":5,"1":5,"2":16},"f":{"0":16},"b":{},"_coverageSchema":"1a1c01bbd47fc00a2c39e90264f33305004495a9","hash":"e256c3d2a34c2dd0dfb47890776458a4e2ab7561"}
,"/Users/gyutae/Desktop/dev-me/forest-kit/src/operators/some.ts": {"path":"/Users/gyutae/Desktop/dev-me/forest-kit/src/operators/some.ts","statementMap":{"0":{"start":{"line":5,"column":10},"end":{"line":5,"column":26}},"1":{"start":{"line":7,"column":20},"end":{"line":13,"column":1}},"2":{"start":{"line":12,"column":16},"end":{"line":12,"column":65}}},"fnMap":{"0":{"name":"(anonymous_0)","decl":{"start":{"line":8,"column":2},"end":{"line":8,"column":3}},"loc":{"start":{"line":12,"column":16},"end":{"line":12,"column":65}},"line":12}},"branchMap":{},"s":{"0":1,"1":1,"2":2},"f":{"0":2},"b":{},"_coverageSchema":"1a1c01bbd47fc00a2c39e90264f33305004495a9","hash":"fc9b4ede83b972d946d92428e26fb44810ade80f"}
,"/Users/gyutae/Desktop/dev-me/forest-kit/src/operators/someOnLeafNodes.ts": {"path":"/Users/gyutae/Desktop/dev-me/forest-kit/src/operators/someOnLeafNodes.ts","statementMap":{"0":{"start":{"line":5,"column":10},"end":{"line":5,"column":26}},"1":{"start":{"line":7,"column":31},"end":{"line":13,"column":1}},"2":{"start":{"line":12,"column":16},"end":{"line":12,"column":70}}},"fnMap":{"0":{"name":"(anonymous_0)","decl":{"start":{"line":8,"column":2},"end":{"line":8,"column":3}},"loc":{"start":{"line":12,"column":16},"end":{"line":12,"column":70}},"line":12}},"branchMap":{},"s":{"0":1,"1":1,"2":3},"f":{"0":3},"b":{},"_coverageSchema":"1a1c01bbd47fc00a2c39e90264f33305004495a9","hash":"1050764815a06f3ed9970bdf4f5e2c1a9c6b51fa"}
,"/Users/gyutae/Desktop/dev-me/forest-kit/src/operators/tap.ts": {"path":"/Users/gyutae/Desktop/dev-me/forest-kit/src/operators/tap.ts","statementMap":{"0":{"start":{"line":5,"column":10},"end":{"line":5,"column":26}},"1":{"start":{"line":7,"column":19},"end":{"line":13,"column":1}},"2":{"start":{"line":12,"column":16},"end":{"line":12,"column":59}}},"fnMap":{"0":{"name":"(anonymous_0)","decl":{"start":{"line":8,"column":2},"end":{"line":8,"column":3}},"loc":{"start":{"line":12,"column":16},"end":{"line":12,"column":59}},"line":12}},"branchMap":{},"s":{"0":4,"1":4,"2":6},"f":{"0":6},"b":{},"_coverageSchema":"1a1c01bbd47fc00a2c39e90264f33305004495a9","hash":"768f6453fc5fa79b823970bae2052b6a66fe9a9c"}
,"/Users/gyutae/Desktop/dev-me/forest-kit/src/operators/tapBy.ts": {"path":"/Users/gyutae/Desktop/dev-me/forest-kit/src/operators/tapBy.ts","statementMap":{"0":{"start":{"line":10,"column":10},"end":{"line":10,"column":26}},"1":{"start":{"line":12,"column":38},"end":{"line":15,"column":1}},"2":{"start":{"line":19,"column":21},"end":{"line":57,"column":1}},"3":{"start":{"line":26,"column":4},"end":{"line":26,"column":36}},"4":{"start":{"line":27,"column":43},"end":{"line":27,"column":65}},"5":{"start":{"line":29,"column":4},"end":{"line":33,"column":5}},"6":{"start":{"line":30,"column":6},"end":{"line":32,"column":8}},"7":{"start":{"line":35,"column":20},"end":{"line":35,"column":35}},"8":{"start":{"line":36,"column":19},"end":{"line":46,"column":5}},"9":{"start":{"line":42,"column":22},"end":{"line":42,"column":34}},"10":{"start":{"line":48,"column":28},"end":{"line":48,"column":46}},"11":{"start":{"line":49,"column":4},"end":{"line":53,"column":5}},"12":{"start":{"line":50,"column":6},"end":{"line":52,"column":8}},"13":{"start":{"line":55,"column":4},"end":{"line":55,"column":18}}},"fnMap":{"0":{"name":"(anonymous_0)","decl":{"start":{"line":20,"column":2},"end":{"line":20,"column":3}},"loc":{"start":{"line":25,"column":16},"end":{"line":56,"column":3}},"line":25},"1":{"name":"(anonymous_1)","decl":{"start":{"line":42,"column":16},"end":{"line":42,"column":17}},"loc":{"start":{"line":42,"column":22},"end":{"line":42,"column":34}},"line":42}},"branchMap":{"0":{"loc":{"start":{"line":29,"column":4},"end":{"line":33,"column":5}},"type":"if","locations":[{"start":{"line":29,"column":4},"end":{"line":33,"column":5}},{"start":{},"end":{}}],"line":29},"1":{"loc":{"start":{"line":49,"column":4},"end":{"line":53,"column":5}},"type":"if","locations":[{"start":{"line":49,"column":4},"end":{"line":53,"column":5}},{"start":{},"end":{}}],"line":49}},"s":{"0":3,"1":3,"2":3,"3":6,"4":6,"5":6,"6":1,"7":5,"8":5,"9":14,"10":5,"11":5,"12":1,"13":4},"f":{"0":6,"1":14},"b":{"0":[1,5],"1":[1,4]},"_coverageSchema":"1a1c01bbd47fc00a2c39e90264f33305004495a9","hash":"734224534eb0f6a7221eff70c5b9f719f2186b85"}
,"/Users/gyutae/Desktop/dev-me/forest-kit/src/operators/tapManyBy.ts": {"path":"/Users/gyutae/Desktop/dev-me/forest-kit/src/operators/tapManyBy.ts","statementMap":{"0":{"start":{"line":5,"column":10},"end":{"line":5,"column":26}},"1":{"start":{"line":8,"column":38},"end":{"line":11,"column":1}},"2":{"start":{"line":13,"column":25},"end":{"line":20,"column":1}},"3":{"start":{"line":19,"column":16},"end":{"line":19,"column":73}}},"fnMap":{"0":{"name":"(anonymous_0)","decl":{"start":{"line":14,"column":2},"end":{"line":14,"column":3}},"loc":{"start":{"line":19,"column":16},"end":{"line":19,"column":73}},"line":19}},"branchMap":{},"s":{"0":1,"1":1,"2":1,"3":1},"f":{"0":1},"b":{},"_coverageSchema":"1a1c01bbd47fc00a2c39e90264f33305004495a9","hash":"b2fca7a033c383245c08dfec688c0abc279358d9"}
,"/Users/gyutae/Desktop/dev-me/forest-kit/src/operators/tapOneBy.ts": {"path":"/Users/gyutae/Desktop/dev-me/forest-kit/src/operators/tapOneBy.ts","statementMap":{"0":{"start":{"line":5,"column":10},"end":{"line":5,"column":26}},"1":{"start":{"line":8,"column":38},"end":{"line":11,"column":1}},"2":{"start":{"line":13,"column":24},"end":{"line":20,"column":1}},"3":{"start":{"line":19,"column":16},"end":{"line":19,"column":73}}},"fnMap":{"0":{"name":"(anonymous_0)","decl":{"start":{"line":14,"column":2},"end":{"line":14,"column":3}},"loc":{"start":{"line":19,"column":16},"end":{"line":19,"column":73}},"line":19}},"branchMap":{},"s":{"0":1,"1":1,"2":1,"3":1},"f":{"0":1},"b":{},"_coverageSchema":"1a1c01bbd47fc00a2c39e90264f33305004495a9","hash":"7779580ddb11a1ed8c1db2b9eeae98119193f123"}
,"/Users/gyutae/Desktop/dev-me/forest-kit/src/operators/traverseWithApply.ts": {"path":"/Users/gyutae/Desktop/dev-me/forest-kit/src/operators/traverseWithApply.ts","statementMap":{"0":{"start":{"line":8,"column":10},"end":{"line":8,"column":26}},"1":{"start":{"line":10,"column":33},"end":{"line":51,"column":1}},"2":{"start":{"line":16,"column":4},"end":{"line":50,"column":12}},"3":{"start":{"line":18,"column":8},"end":{"line":18,"column":58}},"4":{"start":{"line":27,"column":18},"end":{"line":27,"column":75}},"5":{"start":{"line":35,"column":18},"end":{"line":35,"column":65}},"6":{"start":{"line":42,"column":18},"end":{"line":42,"column":63}}},"fnMap":{"0":{"name":"(anonymous_0)","decl":{"start":{"line":11,"column":2},"end":{"line":11,"column":3}},"loc":{"start":{"line":16,"column":4},"end":{"line":50,"column":12}},"line":16},"1":{"name":"(anonymous_1)","decl":{"start":{"line":17,"column":40},"end":{"line":17,"column":41}},"loc":{"start":{"line":17,"column":46},"end":{"line":19,"column":7}},"line":17},"2":{"name":"(anonymous_2)","decl":{"start":{"line":26,"column":16},"end":{"line":26,"column":17}},"loc":{"start":{"line":27,"column":18},"end":{"line":27,"column":75}},"line":27},"3":{"name":"(anonymous_3)","decl":{"start":{"line":34,"column":22},"end":{"line":34,"column":23}},"loc":{"start":{"line":34,"column":28},"end":{"line":36,"column":17}},"line":34},"4":{"name":"(anonymous_4)","decl":{"start":{"line":41,"column":22},"end":{"line":41,"column":23}},"loc":{"start":{"line":41,"column":28},"end":{"line":43,"column":17}},"line":41}},"branchMap":{"0":{"loc":{"start":{"line":27,"column":18},"end":{"line":27,"column":75}},"type":"binary-expr","locations":[{"start":{"line":27,"column":18},"end":{"line":27,"column":35}},{"start":{"line":27,"column":39},"end":{"line":27,"column":75}}],"line":27},"1":{"loc":{"start":{"line":35,"column":18},"end":{"line":35,"column":64}},"type":"binary-expr","locations":[{"start":{"line":35,"column":18},"end":{"line":35,"column":35}},{"start":{"line":35,"column":39},"end":{"line":35,"column":64}}],"line":35},"2":{"loc":{"start":{"line":42,"column":18},"end":{"line":42,"column":62}},"type":"binary-expr","locations":[{"start":{"line":42,"column":18},"end":{"line":42,"column":35}},{"start":{"line":42,"column":39},"end":{"line":42,"column":62}}],"line":42}},"s":{"0":18,"1":18,"2":412,"3":2,"4":851,"5":331,"6":323},"f":{"0":412,"1":2,"2":851,"3":331,"4":323},"b":{"0":[851,192],"1":[331,80],"2":[323,80]},"_coverageSchema":"1a1c01bbd47fc00a2c39e90264f33305004495a9","hash":"385b3a25fe6f64105f46189c5cf80a6408758a76"}
,"/Users/gyutae/Desktop/dev-me/forest-kit/src/operators/verifyNodeAllPropsTypeMatch.ts": {"path":"/Users/gyutae/Desktop/dev-me/forest-kit/src/operators/verifyNodeAllPropsTypeMatch.ts","statementMap":{"0":{"start":{"line":4,"column":10},"end":{"line":4,"column":26}},"1":{"start":{"line":6,"column":43},"end":{"line":14,"column":1}},"2":{"start":{"line":12,"column":4},"end":{"line":12,"column":54}}},"fnMap":{"0":{"name":"(anonymous_0)","decl":{"start":{"line":7,"column":2},"end":{"line":7,"column":3}},"loc":{"start":{"line":11,"column":16},"end":{"line":13,"column":3}},"line":11}},"branchMap":{},"s":{"0":2,"1":2,"2":6},"f":{"0":6},"b":{},"_coverageSchema":"1a1c01bbd47fc00a2c39e90264f33305004495a9","hash":"8e92ba30c01298cb80d202eb88ab1fd0873d1d00"}
,"/Users/gyutae/Desktop/dev-me/forest-kit/src/operators/verifyNodesAllPropsTypeMatch.ts": {"path":"/Users/gyutae/Desktop/dev-me/forest-kit/src/operators/verifyNodesAllPropsTypeMatch.ts","statementMap":{"0":{"start":{"line":3,"column":10},"end":{"line":3,"column":26}},"1":{"start":{"line":5,"column":44},"end":{"line":11,"column":1}},"2":{"start":{"line":10,"column":16},"end":{"line":10,"column":72}}},"fnMap":{"0":{"name":"(anonymous_0)","decl":{"start":{"line":6,"column":2},"end":{"line":6,"column":3}},"loc":{"start":{"line":10,"column":16},"end":{"line":10,"column":72}},"line":10}},"branchMap":{},"s":{"0":1,"1":1,"2":2},"f":{"0":2},"b":{},"_coverageSchema":"1a1c01bbd47fc00a2c39e90264f33305004495a9","hash":"f7f758b27c88acd6299bcd55c08f167d6f56f962"}
}
