TN:
SF:dist/_internal/counter.js
FN:3,(anonymous_0)
FN:6,(anonymous_1)
FN:9,(anonymous_2)
FN:10,(anonymous_3)
FNF:4
FNH:3
FNDA:56,(anonymous_0)
FNDA:79,(anonymous_1)
FNDA:172,(anonymous_2)
FNDA:0,(anonymous_3)
DA:3,15
DA:4,56
DA:5,56
DA:7,79
DA:9,172
DA:11,0
DA:16,15
LF:7
LH:6
BRDA:3,0,0,56
BRF:1
BRH:1
end_of_record
TN:
SF:dist/_internal/createNumberIncrementer.js
FN:3,(anonymous_0)
FN:4,(anonymous_1)
FNF:2
FNH:2
FNDA:1,(anonymous_0)
FNDA:12,(anonymous_1)
DA:3,1
DA:4,12
DA:7,1
LF:3
LH:3
BRF:0
BRH:0
end_of_record
TN:
SF:dist/_internal/satisfiesAllPropTypes.js
FN:5,(anonymous_0)
FN:5,(anonymous_1)
FNF:2
FNH:2
FNDA:6,(anonymous_0)
FNDA:12,(anonymous_1)
DA:3,2
DA:5,12
DA:7,2
LF:3
LH:3
BRF:0
BRH:0
end_of_record
TN:
SF:dist/_internal/store.js
FN:7,(anonymous_0)
FN:10,(anonymous_1)
FN:13,(anonymous_2)
FNF:3
FNH:3
FNDA:44,(anonymous_0)
FNDA:376,(anonymous_1)
FNDA:596,(anonymous_2)
DA:3,6
DA:7,6
DA:8,44
DA:9,44
DA:11,376
DA:13,596
DA:17,6
LF:7
LH:7
BRF:0
BRH:0
end_of_record
TN:
SF:dist/_internal/typeCheck.js
FNF:0
FNH:0
DA:3,3
DA:4,3
DA:6,3
LF:3
LH:3
BRF:0
BRH:0
end_of_record
TN:
SF:dist/operators/addIncrementalNumberToEachNode.js
FN:7,(anonymous_0)
FN:9,(anonymous_1)
FNF:2
FNH:2
FNDA:1,(anonymous_0)
FNDA:12,(anonymous_1)
DA:3,1
DA:4,1
DA:6,1
DA:7,1
DA:8,1
DA:9,12
DA:12,1
LF:7
LH:7
BRF:0
BRH:0
end_of_record
TN:
SF:dist/operators/addPositionPropToEachNode.js
FN:9,(anonymous_0)
FN:14,(anonymous_1)
FN:38,(anonymous_2)
FNF:3
FNH:3
FNDA:16,(anonymous_0)
FNDA:352,(anonymous_1)
FNDA:192,(anonymous_2)
DA:3,5
DA:4,5
DA:7,5
DA:9,5
DA:10,16
DA:14,16
DA:15,352
DA:16,352
DA:19,192
DA:20,192
DA:22,192
DA:24,80
DA:25,80
DA:27,80
DA:28,80
DA:31,80
DA:34,16
DA:38,192
DA:41,5
LF:19
LH:19
BRDA:16,0,0,192
BRDA:16,0,1,80
BRDA:16,0,2,80
BRF:3
BRH:3
end_of_record
TN:
SF:dist/operators/changePropNameToEachNode.js
FN:6,(anonymous_0)
FN:6,(anonymous_1)
FNF:2
FNH:2
FNDA:1,(anonymous_0)
FNDA:12,(anonymous_1)
DA:3,1
DA:5,1
DA:6,12
DA:11,1
LF:4
LH:4
BRF:0
BRH:0
end_of_record
TN:
SF:dist/operators/deepFlatten.js
FN:6,(anonymous_0)
FN:6,(anonymous_1)
FNF:2
FNH:2
FNDA:161,(anonymous_0)
FNDA:319,(anonymous_1)
DA:3,13
DA:5,13
DA:6,319
DA:8,13
LF:4
LH:4
BRF:0
BRH:0
end_of_record
TN:
SF:dist/operators/ensureArray.js
FN:4,(anonymous_0)
FNF:1
FNH:1
FNDA:3,(anonymous_0)
DA:3,1
DA:4,3
DA:10,1
LF:3
LH:3
BRF:0
BRH:0
end_of_record
TN:
SF:dist/operators/every.js
FN:6,(anonymous_0)
FNF:1
FNH:1
FNDA:2,(anonymous_0)
DA:3,1
DA:5,1
DA:6,2
DA:8,1
LF:4
LH:4
BRF:0
BRH:0
end_of_record
TN:
SF:dist/operators/everyOnLeafNodes.js
FN:6,(anonymous_0)
FNF:1
FNH:1
FNDA:2,(anonymous_0)
DA:3,1
DA:5,1
DA:6,2
DA:8,1
LF:4
LH:4
BRF:0
BRH:0
end_of_record
TN:
SF:dist/operators/extractLeafNodes.js
FN:7,(anonymous_0)
FNF:1
FNH:1
FNDA:7,(anonymous_0)
DA:3,3
DA:4,3
DA:6,3
DA:7,7
DA:9,3
LF:5
LH:5
BRF:0
BRH:0
end_of_record
TN:
SF:dist/operators/extractNDepthNodes.js
FN:8,(anonymous_0)
FN:10,(anonymous_1)
FNF:2
FNH:2
FNDA:1,(anonymous_0)
FNDA:12,(anonymous_1)
DA:3,1
DA:4,1
DA:5,1
DA:7,1
DA:8,1
DA:10,12
DA:12,1
LF:7
LH:7
BRF:0
BRH:0
end_of_record
TN:
SF:dist/operators/filter.js
FN:6,(anonymous_0)
FNF:1
FNH:1
FNDA:34,(anonymous_0)
DA:3,4
DA:5,4
DA:6,34
DA:8,4
LF:4
LH:4
BRF:0
BRH:0
end_of_record
TN:
SF:dist/operators/filterBy.js
FN:16,(anonymous_0)
FN:30,(anonymous_1)
FN:30,(anonymous_2)
FN:30,(anonymous_3)
FNF:4
FNH:4
FNDA:5,(anonymous_0)
FNDA:4,(anonymous_1)
FNDA:11,(anonymous_2)
FNDA:8,(anonymous_3)
DA:3,3
DA:4,3
DA:9,3
DA:10,3
DA:16,3
DA:17,5
DA:18,5
DA:19,5
DA:20,1
DA:22,4
DA:23,4
DA:24,4
DA:25,4
DA:26,1
DA:28,3
DA:30,11
DA:32,3
LF:17
LH:17
BRDA:19,0,0,1
BRDA:19,0,1,4
BRDA:25,1,0,1
BRDA:25,1,1,3
BRF:4
BRH:4
end_of_record
TN:
SF:dist/operators/filterManyBy.js
FN:10,(anonymous_0)
FNF:1
FNH:1
FNDA:1,(anonymous_0)
DA:3,1
DA:5,1
DA:6,1
DA:10,1
DA:12,1
LF:5
LH:5
BRF:0
BRH:0
end_of_record
TN:
SF:dist/operators/filterOneBy.js
FN:10,(anonymous_0)
FNF:1
FNH:1
FNDA:1,(anonymous_0)
DA:3,1
DA:5,1
DA:6,1
DA:10,1
DA:12,1
LF:5
LH:5
BRF:0
BRH:0
end_of_record
TN:
SF:dist/operators/find.js
FN:6,(anonymous_0)
FNF:1
FNH:1
FNDA:15,(anonymous_0)
DA:3,5
DA:5,5
DA:6,15
DA:8,5
LF:4
LH:4
BRF:0
BRH:0
end_of_record
TN:
SF:dist/operators/findBy.js
FN:15,(anonymous_0)
FN:22,(anonymous_1)
FNF:2
FNH:2
FNDA:14,(anonymous_0)
FNDA:23,(anonymous_1)
DA:3,4
DA:4,4
DA:8,4
DA:9,4
DA:15,4
DA:16,14
DA:17,14
DA:18,14
DA:19,1
DA:21,13
DA:22,23
DA:23,13
DA:24,13
DA:25,1
DA:27,12
DA:30,4
LF:16
LH:16
BRDA:18,0,0,1
BRDA:18,0,1,13
BRDA:24,1,0,1
BRDA:24,1,1,12
BRF:4
BRH:4
end_of_record
TN:
SF:dist/operators/findManyBy.js
FN:11,(anonymous_0)
FNF:1
FNH:1
FNDA:3,(anonymous_0)
DA:3,1
DA:5,1
DA:7,1
DA:11,3
DA:13,1
LF:5
LH:5
BRF:0
BRH:0
end_of_record
TN:
SF:dist/operators/findOneBy.js
FN:11,(anonymous_0)
FNF:1
FNH:1
FNDA:7,(anonymous_0)
DA:3,2
DA:5,2
DA:7,2
DA:11,7
DA:13,2
LF:5
LH:5
BRF:0
BRH:0
end_of_record
TN:
SF:dist/operators/hasChildren.js
FN:4,(anonymous_0)
FN:4,(anonymous_1)
FN:6,(anonymous_2)
FNF:3
FNH:3
FNDA:1294,(anonymous_0)
FNDA:3,(anonymous_1)
FNDA:3,(anonymous_2)
DA:3,34
DA:4,1294
DA:5,3
DA:7,3
DA:10,34
LF:5
LH:5
BRF:0
BRH:0
end_of_record
TN:
SF:dist/operators/insertAtPositionBy.js
FN:8,(anonymous_0)
FN:21,(anonymous_1)
FNF:2
FNH:2
FNDA:6,(anonymous_0)
FNDA:6,(anonymous_1)
DA:3,1
DA:4,1
DA:5,1
DA:7,1
DA:8,1
DA:9,6
DA:11,6
DA:13,6
DA:14,6
DA:15,6
DA:19,6
DA:21,1
DA:22,6
DA:24,2
DA:26,2
DA:28,0
DA:30,2
DA:33,2
DA:35,0
DA:39,1
LF:20
LH:18
BRDA:13,0,0,6
BRDA:13,0,1,0
BRDA:17,1,0,6
BRDA:17,1,1,2
BRDA:22,2,0,2
BRDA:22,2,1,2
BRDA:22,2,2,2
BRDA:22,2,3,0
BRDA:24,3,0,2
BRDA:24,3,1,0
BRF:10
BRH:7
end_of_record
TN:
SF:dist/operators/insertBesideSiblingBy.js
FN:9,(anonymous_0)
FN:22,(anonymous_1)
FNF:2
FNH:2
FNDA:6,(anonymous_0)
FNDA:6,(anonymous_1)
DA:3,1
DA:4,1
DA:5,1
DA:6,1
DA:8,1
DA:9,1
DA:10,6
DA:12,6
DA:13,6
DA:14,6
DA:15,6
DA:16,6
DA:20,6
DA:22,1
DA:23,6
DA:25,2
DA:27,4
DA:29,0
DA:33,1
LF:19
LH:18
BRDA:18,0,0,6
BRDA:18,0,1,2
BRDA:23,1,0,2
BRDA:23,1,1,4
BRDA:23,1,2,0
BRF:5
BRH:4
end_of_record
TN:
SF:dist/operators/insertFromParentBy.js
FN:9,(anonymous_0)
FN:11,(anonymous_1)
FN:11,(anonymous_2)
FN:21,(anonymous_3)
FN:21,(anonymous_4)
FNF:5
FNH:5
FNDA:28,(anonymous_0)
FNDA:28,(anonymous_1)
FNDA:24,(anonymous_2)
FNDA:28,(anonymous_3)
FNDA:24,(anonymous_4)
DA:3,3
DA:4,3
DA:5,3
DA:8,3
DA:9,3
DA:10,28
DA:11,28
DA:12,24
DA:14,24
DA:15,24
DA:16,4
DA:17,20
DA:21,28
DA:22,24
DA:23,14
DA:25,24
DA:26,2
DA:27,22
DA:28,4
DA:29,18
DA:30,4
DA:31,14
DA:32,14
DA:33,0
DA:36,3
LF:25
LH:24
BRDA:13,0,0,28
BRDA:13,0,1,8
BRDA:15,1,0,4
BRDA:15,1,1,20
BRDA:22,2,0,14
BRDA:22,2,1,10
BRDA:25,3,0,2
BRDA:25,3,1,22
BRDA:27,4,0,4
BRDA:27,4,1,18
BRDA:29,5,0,4
BRDA:29,5,1,14
BRDA:29,6,0,18
BRDA:29,6,1,16
BRDA:31,7,0,14
BRDA:31,7,1,0
BRF:16
BRH:15
end_of_record
TN:
SF:dist/operators/isLeafNode.js
FN:6,(anonymous_0)
FNF:1
FNH:1
FNDA:71,(anonymous_0)
DA:3,4
DA:5,4
DA:6,71
DA:8,4
LF:4
LH:4
BRF:0
BRH:0
end_of_record
TN:
SF:dist/operators/map.js
FN:6,(anonymous_0)
FNF:1
FNH:1
FNDA:72,(anonymous_0)
DA:3,13
DA:5,13
DA:6,72
DA:8,13
LF:4
LH:4
BRF:0
BRH:0
end_of_record
TN:
SF:dist/operators/mapBy.js
FN:15,(anonymous_0)
FN:22,(anonymous_1)
FNF:2
FNH:2
FNDA:35,(anonymous_0)
FNDA:34,(anonymous_1)
DA:3,6
DA:4,6
DA:8,6
DA:9,6
DA:15,6
DA:16,35
DA:17,35
DA:18,35
DA:19,1
DA:21,34
DA:22,34
DA:23,30
DA:24,30
DA:25,1
DA:27,29
DA:30,6
LF:16
LH:16
BRDA:18,0,0,1
BRDA:18,0,1,34
BRDA:24,1,0,1
BRDA:24,1,1,29
BRF:4
BRH:4
end_of_record
TN:
SF:dist/operators/mapManyBy.js
FN:11,(anonymous_0)
FNF:1
FNH:1
FNDA:1,(anonymous_0)
DA:3,1
DA:5,1
DA:7,1
DA:11,1
DA:13,1
LF:5
LH:5
BRF:0
BRH:0
end_of_record
TN:
SF:dist/operators/mapOneBy.js
FN:11,(anonymous_0)
FNF:1
FNH:1
FNDA:1,(anonymous_0)
DA:3,1
DA:5,1
DA:7,1
DA:11,1
DA:13,1
LF:5
LH:5
BRF:0
BRH:0
end_of_record
TN:
SF:dist/operators/mergeTwoTrees.js
FN:10,(anonymous_0)
FN:12,(anonymous_1)
FN:13,(anonymous_2)
FNF:3
FNH:3
FNDA:1,(anonymous_0)
FNDA:12,(anonymous_1)
FNDA:78,(anonymous_2)
DA:3,1
DA:4,1
DA:5,1
DA:6,1
DA:8,1
DA:10,1
DA:11,1
DA:12,12
DA:13,78
DA:18,1
LF:10
LH:10
BRF:0
BRH:0
end_of_record
TN:
SF:dist/operators/removePropToEachNode.js
FN:6,(anonymous_0)
FNF:1
FNH:1
FNDA:16,(anonymous_0)
DA:3,5
DA:5,5
DA:6,16
DA:8,5
LF:4
LH:4
BRF:0
BRH:0
end_of_record
TN:
SF:dist/operators/some.js
FN:6,(anonymous_0)
FNF:1
FNH:1
FNDA:2,(anonymous_0)
DA:3,1
DA:5,1
DA:6,2
DA:8,1
LF:4
LH:4
BRF:0
BRH:0
end_of_record
TN:
SF:dist/operators/someOnLeafNodes.js
FN:6,(anonymous_0)
FNF:1
FNH:1
FNDA:3,(anonymous_0)
DA:3,1
DA:5,1
DA:6,3
DA:8,1
LF:4
LH:4
BRF:0
BRH:0
end_of_record
TN:
SF:dist/operators/tap.js
FN:6,(anonymous_0)
FNF:1
FNH:1
FNDA:6,(anonymous_0)
DA:3,4
DA:5,4
DA:6,6
DA:8,4
LF:4
LH:4
BRF:0
BRH:0
end_of_record
TN:
SF:dist/operators/tapBy.js
FN:16,(anonymous_0)
FN:23,(anonymous_1)
FNF:2
FNH:2
FNDA:6,(anonymous_0)
FNDA:14,(anonymous_1)
DA:3,3
DA:4,3
DA:9,3
DA:10,3
DA:16,3
DA:17,6
DA:18,6
DA:19,6
DA:20,1
DA:22,5
DA:23,14
DA:24,5
DA:25,5
DA:26,1
DA:28,4
DA:31,3
LF:16
LH:16
BRDA:19,0,0,1
BRDA:19,0,1,5
BRDA:25,1,0,1
BRDA:25,1,1,4
BRF:4
BRH:4
end_of_record
TN:
SF:dist/operators/tapManyBy.js
FN:11,(anonymous_0)
FNF:1
FNH:1
FNDA:1,(anonymous_0)
DA:3,1
DA:5,1
DA:7,1
DA:11,1
DA:13,1
LF:5
LH:5
BRF:0
BRH:0
end_of_record
TN:
SF:dist/operators/tapOneBy.js
FN:11,(anonymous_0)
FNF:1
FNH:1
FNDA:1,(anonymous_0)
DA:3,1
DA:5,1
DA:7,1
DA:11,1
DA:13,1
LF:5
LH:5
BRF:0
BRH:0
end_of_record
TN:
SF:dist/operators/traverseWithApply.js
FN:9,(anonymous_0)
FN:9,(anonymous_1)
FN:11,(anonymous_2)
FN:11,(anonymous_3)
FN:13,(anonymous_4)
FNF:5
FNH:5
FNDA:412,(anonymous_0)
FNDA:2,(anonymous_1)
FNDA:851,(anonymous_2)
FNDA:331,(anonymous_3)
FNDA:323,(anonymous_4)
DA:3,18
DA:8,18
DA:9,412
DA:10,2
DA:11,851
DA:12,331
DA:14,323
DA:17,18
LF:8
LH:8
BRDA:11,0,0,851
BRDA:11,0,1,192
BRDA:12,1,0,331
BRDA:12,1,1,80
BRDA:14,2,0,323
BRDA:14,2,1,80
BRF:6
BRH:6
end_of_record
TN:
SF:dist/operators/verifyNodeAllPropsTypeMatch.js
FN:7,(anonymous_0)
FNF:1
FNH:1
FNDA:6,(anonymous_0)
DA:3,2
DA:6,2
DA:7,2
DA:10,6
DA:13,2
LF:5
LH:5
BRF:0
BRH:0
end_of_record
TN:
SF:dist/operators/verifyNodesAllPropsTypeMatch.js
FN:6,(anonymous_0)
FNF:1
FNH:1
FNDA:2,(anonymous_0)
DA:3,1
DA:5,1
DA:6,1
DA:8,2
DA:10,1
LF:5
LH:5
BRF:0
BRH:0
end_of_record
TN:
SF:src/_internal/counter.ts
FN:7,(anonymous_0)
FN:11,(anonymous_1)
FN:14,(anonymous_2)
FN:15,(anonymous_3)
FNF:4
FNH:3
FNDA:56,(anonymous_0)
FNDA:79,(anonymous_1)
FNDA:172,(anonymous_2)
FNDA:0,(anonymous_3)
DA:7,15
DA:8,56
DA:10,56
DA:12,79
DA:14,172
DA:16,0
LF:6
LH:5
BRDA:7,0,0,56
BRF:1
BRH:1
end_of_record
TN:
SF:src/_internal/createNumberIncrementer.ts
FN:5,(anonymous_0)
FN:8,(anonymous_1)
FNF:2
FNH:2
FNDA:1,(anonymous_0)
FNDA:12,(anonymous_1)
DA:5,1
DA:7,1
DA:8,12
LF:3
LH:3
BRF:0
BRH:0
end_of_record
TN:
SF:src/_internal/satisfiesAllPropTypes.ts
FN:4,(anonymous_0)
FN:9,(anonymous_1)
FNF:2
FNH:2
FNDA:6,(anonymous_0)
FNDA:12,(anonymous_1)
DA:1,2
DA:4,2
DA:5,6
DA:9,12
LF:4
LH:4
BRF:0
BRH:0
end_of_record
TN:
SF:src/_internal/store.ts
FN:6,(anonymous_0)
FN:10,(anonymous_1)
FN:13,(anonymous_2)
FNF:3
FNH:3
FNDA:44,(anonymous_0)
FNDA:376,(anonymous_1)
FNDA:596,(anonymous_2)
DA:1,6
DA:6,6
DA:7,44
DA:9,44
DA:11,376
DA:13,596
LF:6
LH:6
BRF:0
BRH:0
end_of_record
TN:
SF:src/_internal/typeCheck.ts
FNF:0
FNH:0
DA:1,3
DA:3,3
LF:2
LH:2
BRF:0
BRH:0
end_of_record
TN:
SF:src/operators/addIncrementalNumberToEachNode.ts
FN:10,(anonymous_0)
FN:20,(anonymous_1)
FNF:2
FNH:2
FNDA:1,(anonymous_0)
FNDA:12,(anonymous_1)
DA:7,1
DA:9,1
DA:16,1
DA:18,1
DA:20,12
LF:5
LH:5
BRF:0
BRH:0
end_of_record
TN:
SF:src/operators/addPositionPropToEachNode.ts
FN:11,(anonymous_0)
FN:21,(anonymous_1)
FN:52,(anonymous_2)
FNF:3
FNH:3
FNDA:16,(anonymous_0)
FNDA:352,(anonymous_1)
FNDA:192,(anonymous_2)
DA:7,5
DA:10,5
DA:16,16
DA:21,16
DA:22,352
DA:24,352
DA:27,192
DA:28,192
DA:30,192
DA:33,80
DA:34,80
DA:37,80
DA:38,80
DA:41,80
DA:45,16
DA:50,16
DA:52,192
LF:17
LH:17
BRDA:24,0,0,192
BRDA:24,0,1,80
BRDA:24,0,2,80
BRF:3
BRH:3
end_of_record
TN:
SF:src/operators/changePropNameToEachNode.ts
FN:8,(anonymous_0)
FN:16,(anonymous_1)
FNF:2
FNH:2
FNDA:1,(anonymous_0)
FNDA:12,(anonymous_1)
DA:5,1
DA:7,1
DA:14,1
DA:17,12
LF:4
LH:4
BRF:0
BRH:0
end_of_record
TN:
SF:src/operators/deepFlatten.ts
FN:8,(anonymous_0)
FN:10,(anonymous_1)
FNF:2
FNH:2
FNDA:161,(anonymous_0)
FNDA:319,(anonymous_1)
DA:5,13
DA:7,13
DA:9,161
DA:11,319
LF:4
LH:4
BRF:0
BRH:0
end_of_record
TN:
SF:src/operators/ensureArray.ts
FN:3,(anonymous_0)
FNF:1
FNH:1
FNDA:3,(anonymous_0)
DA:1,1
DA:3,1
DA:6,3
LF:3
LH:3
BRF:0
BRH:0
end_of_record
TN:
SF:src/operators/every.ts
FN:8,(anonymous_0)
FNF:1
FNH:1
FNDA:2,(anonymous_0)
DA:5,1
DA:7,1
DA:12,2
LF:3
LH:3
BRF:0
BRH:0
end_of_record
TN:
SF:src/operators/everyOnLeafNodes.ts
FN:8,(anonymous_0)
FNF:1
FNH:1
FNDA:2,(anonymous_0)
DA:5,1
DA:7,1
DA:12,2
LF:3
LH:3
BRF:0
BRH:0
end_of_record
TN:
SF:src/operators/extractLeafNodes.ts
FN:9,(anonymous_0)
FNF:1
FNH:1
FNDA:7,(anonymous_0)
DA:6,3
DA:8,3
DA:10,7
LF:3
LH:3
BRF:0
BRH:0
end_of_record
TN:
SF:src/operators/extractNDepthNodes.ts
FN:10,(anonymous_0)
FN:20,(anonymous_1)
FNF:2
FNH:2
FNDA:1,(anonymous_0)
FNDA:12,(anonymous_1)
DA:7,1
DA:9,1
DA:11,1
DA:20,1
DA:21,12
LF:5
LH:5
BRF:0
BRH:0
end_of_record
TN:
SF:src/operators/filter.ts
FN:8,(anonymous_0)
FNF:1
FNH:1
FNDA:34,(anonymous_0)
DA:5,4
DA:7,4
DA:13,34
LF:3
LH:3
BRF:0
BRH:0
end_of_record
TN:
SF:src/operators/filterBy.ts
FN:20,(anonymous_0)
FN:58,(anonymous_1)
FN:60,(anonymous_2)
FN:63,(anonymous_3)
FNF:4
FNH:4
FNDA:5,(anonymous_0)
FNDA:4,(anonymous_1)
FNDA:11,(anonymous_2)
FNDA:8,(anonymous_3)
DA:10,3
DA:12,3
DA:19,3
DA:25,5
DA:26,5
DA:28,5
DA:29,1
DA:34,4
DA:35,4
DA:46,4
DA:47,4
DA:48,1
DA:53,3
DA:57,3
DA:59,4
DA:60,11
DA:63,8
LF:17
LH:17
BRDA:28,0,0,1
BRDA:28,0,1,4
BRDA:47,1,0,1
BRDA:47,1,1,3
BRF:4
BRH:4
end_of_record
TN:
SF:src/operators/filterManyBy.ts
FN:13,(anonymous_0)
FNF:1
FNH:1
FNDA:1,(anonymous_0)
DA:5,1
DA:7,1
DA:12,1
DA:17,1
LF:4
LH:4
BRF:0
BRH:0
end_of_record
TN:
SF:src/operators/filterOneBy.ts
FN:13,(anonymous_0)
FNF:1
FNH:1
FNDA:1,(anonymous_0)
DA:5,1
DA:7,1
DA:12,1
DA:17,1
LF:4
LH:4
BRF:0
BRH:0
end_of_record
TN:
SF:src/operators/find.ts
FN:8,(anonymous_0)
FNF:1
FNH:1
FNDA:15,(anonymous_0)
DA:5,5
DA:7,5
DA:12,15
LF:3
LH:3
BRF:0
BRH:0
end_of_record
TN:
SF:src/operators/findBy.ts
FN:19,(anonymous_0)
FN:39,(anonymous_1)
FNF:2
FNH:2
FNDA:14,(anonymous_0)
FNDA:23,(anonymous_1)
DA:9,4
DA:11,4
DA:18,4
DA:24,14
DA:25,14
DA:27,14
DA:28,1
DA:33,13
DA:34,13
DA:39,23
DA:47,13
DA:48,13
DA:49,1
DA:54,12
LF:14
LH:14
BRDA:27,0,0,1
BRDA:27,0,1,13
BRDA:48,1,0,1
BRDA:48,1,1,12
BRF:4
BRH:4
end_of_record
TN:
SF:src/operators/findManyBy.ts
FN:14,(anonymous_0)
FNF:1
FNH:1
FNDA:3,(anonymous_0)
DA:5,1
DA:8,1
DA:13,1
DA:18,3
LF:4
LH:4
BRF:0
BRH:0
end_of_record
TN:
SF:src/operators/findOneBy.ts
FN:14,(anonymous_0)
FNF:1
FNH:1
FNDA:7,(anonymous_0)
DA:5,2
DA:8,2
DA:13,2
DA:19,7
LF:4
LH:4
BRF:0
BRH:0
end_of_record
TN:
SF:src/operators/hasChildren.ts
FN:7,(anonymous_0)
FN:9,(anonymous_1)
FN:14,(anonymous_2)
FNF:3
FNH:3
FNDA:1294,(anonymous_0)
FNDA:3,(anonymous_1)
FNDA:3,(anonymous_2)
DA:4,34
DA:6,34
DA:8,1294
DA:10,3
DA:15,3
LF:5
LH:5
BRF:0
BRH:0
end_of_record
TN:
SF:src/operators/insertAtPositionBy.ts
FN:11,(anonymous_0)
FN:42,(anonymous_1)
FNF:2
FNH:2
FNDA:6,(anonymous_0)
FNDA:6,(anonymous_1)
DA:8,1
DA:10,1
DA:17,6
DA:20,6
DA:23,6
DA:24,6
DA:26,6
DA:31,6
DA:42,1
DA:43,6
DA:45,2
DA:47,2
DA:50,0
DA:53,2
DA:57,2
DA:60,0
LF:16
LH:14
BRDA:23,0,0,6
BRDA:23,0,1,0
BRDA:28,1,0,6
BRDA:28,1,1,2
BRDA:43,2,0,2
BRDA:43,2,1,2
BRDA:43,2,2,2
BRDA:43,2,3,0
BRDA:45,3,0,2
BRDA:45,3,1,0
BRF:10
BRH:7
end_of_record
TN:
SF:src/operators/insertBesideSiblingBy.ts
FN:11,(anonymous_0)
FN:41,(anonymous_1)
FNF:2
FNH:2
FNDA:6,(anonymous_0)
FNDA:6,(anonymous_1)
DA:8,1
DA:10,1
DA:17,6
DA:20,6
DA:21,6
DA:22,6
DA:23,6
DA:25,6
DA:30,6
DA:41,1
DA:42,6
DA:44,2
DA:47,4
DA:50,0
LF:14
LH:13
BRDA:27,0,0,6
BRDA:27,0,1,2
BRDA:42,1,0,2
BRDA:42,1,1,4
BRDA:42,1,2,0
BRF:5
BRH:4
end_of_record
TN:
SF:src/operators/insertFromParentBy.ts
FN:12,(anonymous_0)
FN:23,(anonymous_1)
FN:25,(anonymous_2)
FN:47,(anonymous_3)
FN:47,(anonymous_4)
FNF:5
FNH:5
FNDA:28,(anonymous_0)
FNDA:28,(anonymous_1)
FNDA:24,(anonymous_2)
FNDA:28,(anonymous_3)
FNDA:24,(anonymous_4)
DA:9,3
DA:11,3
DA:18,28
DA:19,28
DA:23,28
DA:26,24
DA:38,24
DA:39,24
DA:41,20
DA:47,28
DA:48,24
DA:49,14
DA:52,24
DA:53,22
DA:54,18
DA:55,4
DA:58,14
DA:60,0
LF:18
LH:17
BRDA:30,0,0,28
BRDA:30,0,1,8
BRDA:39,1,0,4
BRDA:39,1,1,20
BRDA:48,2,0,14
BRDA:48,2,1,10
BRDA:52,3,0,2
BRDA:52,3,1,22
BRDA:53,4,0,4
BRDA:53,4,1,18
BRDA:54,5,0,4
BRDA:54,5,1,14
BRDA:54,6,0,18
BRDA:54,6,1,16
BRDA:58,7,0,14
BRDA:58,7,1,0
BRF:16
BRH:15
end_of_record
TN:
SF:src/operators/isLeafNode.ts
FN:9,(anonymous_0)
FNF:1
FNH:1
FNDA:71,(anonymous_0)
DA:5,4
DA:8,4
DA:10,71
LF:3
LH:3
BRF:0
BRH:0
end_of_record
TN:
SF:src/operators/map.ts
FN:8,(anonymous_0)
FNF:1
FNH:1
FNDA:72,(anonymous_0)
DA:5,13
DA:7,13
DA:12,72
LF:3
LH:3
BRF:0
BRH:0
end_of_record
TN:
SF:src/operators/mapBy.ts
FN:19,(anonymous_0)
FN:41,(anonymous_1)
FNF:2
FNH:2
FNDA:35,(anonymous_0)
FNDA:34,(anonymous_1)
DA:9,6
DA:11,6
DA:18,6
DA:25,35
DA:26,35
DA:28,35
DA:29,1
DA:34,34
DA:35,34
DA:41,34
DA:47,30
DA:48,30
DA:49,1
DA:54,29
LF:14
LH:14
BRDA:28,0,0,1
BRDA:28,0,1,34
BRDA:48,1,0,1
BRDA:48,1,1,29
BRF:4
BRH:4
end_of_record
TN:
SF:src/operators/mapManyBy.ts
FN:14,(anonymous_0)
FNF:1
FNH:1
FNDA:1,(anonymous_0)
DA:5,1
DA:8,1
DA:13,1
DA:20,1
LF:4
LH:4
BRF:0
BRH:0
end_of_record
TN:
SF:src/operators/mapOneBy.ts
FN:14,(anonymous_0)
FNF:1
FNH:1
FNDA:1,(anonymous_0)
DA:5,1
DA:8,1
DA:13,1
DA:20,1
LF:4
LH:4
BRF:0
BRH:0
end_of_record
TN:
SF:src/operators/mergeTwoTrees.ts
FN:12,(anonymous_0)
FN:20,(anonymous_1)
FN:23,(anonymous_2)
FNF:3
FNH:3
FNDA:1,(anonymous_0)
FNDA:12,(anonymous_1)
FNDA:78,(anonymous_2)
DA:8,1
DA:11,1
DA:13,1
DA:18,1
DA:21,12
DA:23,78
LF:6
LH:6
BRF:0
BRH:0
end_of_record
TN:
SF:src/operators/removePropToEachNode.ts
FN:8,(anonymous_0)
FNF:1
FNH:1
FNDA:16,(anonymous_0)
DA:5,5
DA:7,5
DA:9,16
LF:3
LH:3
BRF:0
BRH:0
end_of_record
TN:
SF:src/operators/some.ts
FN:8,(anonymous_0)
FNF:1
FNH:1
FNDA:2,(anonymous_0)
DA:5,1
DA:7,1
DA:12,2
LF:3
LH:3
BRF:0
BRH:0
end_of_record
TN:
SF:src/operators/someOnLeafNodes.ts
FN:8,(anonymous_0)
FNF:1
FNH:1
FNDA:3,(anonymous_0)
DA:5,1
DA:7,1
DA:12,3
LF:3
LH:3
BRF:0
BRH:0
end_of_record
TN:
SF:src/operators/tap.ts
FN:8,(anonymous_0)
FNF:1
FNH:1
FNDA:6,(anonymous_0)
DA:5,4
DA:7,4
DA:12,6
LF:3
LH:3
BRF:0
BRH:0
end_of_record
TN:
SF:src/operators/tapBy.ts
FN:20,(anonymous_0)
FN:42,(anonymous_1)
FNF:2
FNH:2
FNDA:6,(anonymous_0)
FNDA:14,(anonymous_1)
DA:10,3
DA:12,3
DA:19,3
DA:26,6
DA:27,6
DA:29,6
DA:30,1
DA:35,5
DA:36,5
DA:42,14
DA:48,5
DA:49,5
DA:50,1
DA:55,4
LF:14
LH:14
BRDA:29,0,0,1
BRDA:29,0,1,5
BRDA:49,1,0,1
BRDA:49,1,1,4
BRF:4
BRH:4
end_of_record
TN:
SF:src/operators/tapManyBy.ts
FN:14,(anonymous_0)
FNF:1
FNH:1
FNDA:1,(anonymous_0)
DA:5,1
DA:8,1
DA:13,1
DA:19,1
LF:4
LH:4
BRF:0
BRH:0
end_of_record
TN:
SF:src/operators/tapOneBy.ts
FN:14,(anonymous_0)
FNF:1
FNH:1
FNDA:1,(anonymous_0)
DA:5,1
DA:8,1
DA:13,1
DA:19,1
LF:4
LH:4
BRF:0
BRH:0
end_of_record
TN:
SF:src/operators/traverseWithApply.ts
FN:11,(anonymous_0)
FN:17,(anonymous_1)
FN:26,(anonymous_2)
FN:34,(anonymous_3)
FN:41,(anonymous_4)
FNF:5
FNH:5
FNDA:412,(anonymous_0)
FNDA:2,(anonymous_1)
FNDA:851,(anonymous_2)
FNDA:331,(anonymous_3)
FNDA:323,(anonymous_4)
DA:8,18
DA:10,18
DA:16,412
DA:18,2
DA:27,851
DA:35,331
DA:42,323
LF:7
LH:7
BRDA:27,0,0,851
BRDA:27,0,1,192
BRDA:35,1,0,331
BRDA:35,1,1,80
BRDA:42,2,0,323
BRDA:42,2,1,80
BRF:6
BRH:6
end_of_record
TN:
SF:src/operators/verifyNodeAllPropsTypeMatch.ts
FN:7,(anonymous_0)
FNF:1
FNH:1
FNDA:6,(anonymous_0)
DA:4,2
DA:6,2
DA:12,6
LF:3
LH:3
BRF:0
BRH:0
end_of_record
TN:
SF:src/operators/verifyNodesAllPropsTypeMatch.ts
FN:6,(anonymous_0)
FNF:1
FNH:1
FNDA:2,(anonymous_0)
DA:3,1
DA:5,1
DA:10,2
LF:3
LH:3
BRF:0
BRH:0
end_of_record
